{"C:\\Users\\joshi\\OneDrive\\Documents\\code\\personal\\Adminis-construction\\src\\env.d.ts": {"path":"C:\\Users\\joshi\\OneDrive\\Documents\\code\\personal\\Adminis-construction\\src\\env.d.ts","statementMap":{},"fnMap":{},"branchMap":{},"s":{},"f":{},"b":{}}
,"C:\\Users\\joshi\\OneDrive\\Documents\\code\\personal\\Adminis-construction\\src\\main.tsx": {"path":"C:\\Users\\joshi\\OneDrive\\Documents\\code\\personal\\Adminis-construction\\src\\main.tsx","statementMap":{"0":{"start":{"line":1,"column":0},"end":{"line":1,"column":25}},"1":{"start":{"line":2,"column":0},"end":{"line":2,"column":39}},"2":{"start":{"line":4,"column":0},"end":{"line":4,"column":27}},"3":{"start":{"line":6,"column":0},"end":{"line":6,"column":38}},"4":{"start":{"line":7,"column":0},"end":{"line":7,"column":19}},"5":{"start":{"line":9,"column":0},"end":{"line":13,"column":null}}},"fnMap":{},"branchMap":{},"s":{"0":0,"1":0,"2":0,"3":0,"4":0,"5":0},"f":{},"b":{}}
,"C:\\Users\\joshi\\OneDrive\\Documents\\code\\personal\\Adminis-construction\\src\\features\\About\\index.tsx": {"path":"C:\\Users\\joshi\\OneDrive\\Documents\\code\\personal\\Adminis-construction\\src\\features\\About\\index.tsx","statementMap":{"0":{"start":{"line":1,"column":0},"end":{"line":1,"column":30}},"1":{"start":{"line":3,"column":0},"end":{"line":3,"column":null}}},"fnMap":{},"branchMap":{},"s":{"0":0,"1":0},"f":{},"b":{}}
,"C:\\Users\\joshi\\OneDrive\\Documents\\code\\personal\\Adminis-construction\\src\\features\\About\\lib.ts": {"path":"C:\\Users\\joshi\\OneDrive\\Documents\\code\\personal\\Adminis-construction\\src\\features\\About\\lib.ts","statementMap":{"0":{"start":{"line":2,"column":0},"end":{"line":2,"column":57}},"1":{"start":{"line":5,"column":13},"end":{"line":30,"column":null}},"2":{"start":{"line":32,"column":13},"end":{"line":90,"column":null}},"3":{"start":{"line":92,"column":13},"end":{"line":105,"column":null}},"4":{"start":{"line":107,"column":13},"end":{"line":110,"column":null}},"5":{"start":{"line":112,"column":13},"end":{"line":115,"column":null}}},"fnMap":{},"branchMap":{},"s":{"0":0,"1":0,"2":0,"3":0,"4":0,"5":0},"f":{},"b":{}}
,"C:\\Users\\joshi\\OneDrive\\Documents\\code\\personal\\Adminis-construction\\src\\features\\About\\loadable.ts": {"path":"C:\\Users\\joshi\\OneDrive\\Documents\\code\\personal\\Adminis-construction\\src\\features\\About\\loadable.ts","statementMap":{"0":{"start":{"line":5,"column":0},"end":{"line":5,"column":48}},"1":{"start":{"line":7,"column":0},"end":{"line":9,"column":null}},"2":{"start":{"line":7,"column":29},"end":{"line":7,"column":47}}},"fnMap":{"0":{"name":"(anonymous_10)","decl":{"start":{"line":7,"column":24},"end":{"line":7,"column":27}},"loc":{"start":{"line":7,"column":29},"end":{"line":7,"column":47}}},"1":{"name":"(anonymous_11)","decl":{"start":{"line":7,"column":29},"end":{"line":7,"column":37}},"loc":{"start":{"line":7,"column":29},"end":{"line":7,"column":47}}}},"branchMap":{},"s":{"0":0,"1":0,"2":0},"f":{"0":0,"1":0},"b":{}}
,"C:\\Users\\joshi\\OneDrive\\Documents\\code\\personal\\Adminis-construction\\src\\features\\About\\styledComponents.tsx": {"path":"C:\\Users\\joshi\\OneDrive\\Documents\\code\\personal\\Adminis-construction\\src\\features\\About\\styledComponents.tsx","statementMap":{"0":{"start":{"line":1,"column":0},"end":{"line":1,"column":38}},"1":{"start":{"line":2,"column":0},"end":{"line":2,"column":38}},"2":{"start":{"line":4,"column":13},"end":{"line":22,"column":null}},"3":{"start":{"line":13,"column":49},"end":{"line":13,"column":71}},"4":{"start":{"line":24,"column":13},"end":{"line":31,"column":null}},"5":{"start":{"line":28,"column":49},"end":{"line":28,"column":71}},"6":{"start":{"line":33,"column":13},"end":{"line":41,"column":null}},"7":{"start":{"line":34,"column":26},"end":{"line":34,"column":39}},"8":{"start":{"line":38,"column":49},"end":{"line":38,"column":71}},"9":{"start":{"line":43,"column":13},"end":{"line":45,"column":null}},"10":{"start":{"line":47,"column":13},"end":{"line":51,"column":null}},"11":{"start":{"line":48,"column":26},"end":{"line":48,"column":39}},"12":{"start":{"line":53,"column":13},"end":{"line":62,"column":null}},"13":{"start":{"line":54,"column":26},"end":{"line":54,"column":41}},"14":{"start":{"line":59,"column":49},"end":{"line":59,"column":71}},"15":{"start":{"line":64,"column":13},"end":{"line":83,"column":null}},"16":{"start":{"line":68,"column":50},"end":{"line":68,"column":63}},"17":{"start":{"line":78,"column":26},"end":{"line":78,"column":39}}},"fnMap":{"0":{"name":"(anonymous_1)","decl":{"start":{"line":13,"column":34},"end":{"line":13,"column":35}},"loc":{"start":{"line":13,"column":49},"end":{"line":13,"column":71}}},"1":{"name":"(anonymous_2)","decl":{"start":{"line":28,"column":34},"end":{"line":28,"column":35}},"loc":{"start":{"line":28,"column":49},"end":{"line":28,"column":71}}},"2":{"name":"(anonymous_3)","decl":{"start":{"line":34,"column":11},"end":{"line":34,"column":12}},"loc":{"start":{"line":34,"column":26},"end":{"line":34,"column":39}}},"3":{"name":"(anonymous_4)","decl":{"start":{"line":38,"column":34},"end":{"line":38,"column":35}},"loc":{"start":{"line":38,"column":49},"end":{"line":38,"column":71}}},"4":{"name":"(anonymous_5)","decl":{"start":{"line":48,"column":11},"end":{"line":48,"column":12}},"loc":{"start":{"line":48,"column":26},"end":{"line":48,"column":39}}},"5":{"name":"(anonymous_6)","decl":{"start":{"line":54,"column":11},"end":{"line":54,"column":12}},"loc":{"start":{"line":54,"column":26},"end":{"line":54,"column":41}}},"6":{"name":"(anonymous_7)","decl":{"start":{"line":59,"column":34},"end":{"line":59,"column":35}},"loc":{"start":{"line":59,"column":49},"end":{"line":59,"column":71}}},"7":{"name":"(anonymous_8)","decl":{"start":{"line":68,"column":35},"end":{"line":68,"column":36}},"loc":{"start":{"line":68,"column":50},"end":{"line":68,"column":63}}},"8":{"name":"(anonymous_9)","decl":{"start":{"line":78,"column":11},"end":{"line":78,"column":12}},"loc":{"start":{"line":78,"column":26},"end":{"line":78,"column":39}}}},"branchMap":{},"s":{"0":0,"1":0,"2":0,"3":0,"4":0,"5":0,"6":0,"7":0,"8":0,"9":0,"10":0,"11":0,"12":0,"13":0,"14":0,"15":0,"16":0,"17":0},"f":{"0":0,"1":0,"2":0,"3":0,"4":0,"5":0,"6":0,"7":0,"8":0},"b":{}}
,"C:\\Users\\joshi\\OneDrive\\Documents\\code\\personal\\Adminis-construction\\src\\features\\Contact\\index.tsx": {"path":"C:\\Users\\joshi\\OneDrive\\Documents\\code\\personal\\Adminis-construction\\src\\features\\Contact\\index.tsx","statementMap":{"0":{"start":{"line":1,"column":0},"end":{"line":1,"column":32}},"1":{"start":{"line":3,"column":0},"end":{"line":3,"column":null}}},"fnMap":{},"branchMap":{},"s":{"0":0,"1":0},"f":{},"b":{}}
,"C:\\Users\\joshi\\OneDrive\\Documents\\code\\personal\\Adminis-construction\\src\\features\\Contact\\lib.ts": {"path":"C:\\Users\\joshi\\OneDrive\\Documents\\code\\personal\\Adminis-construction\\src\\features\\Contact\\lib.ts","statementMap":{"0":{"start":{"line":4,"column":13},"end":{"line":20,"column":null}},"1":{"start":{"line":22,"column":13},"end":{"line":31,"column":null}},"2":{"start":{"line":33,"column":13},"end":{"line":46,"column":null}},"3":{"start":{"line":48,"column":13},"end":{"line":51,"column":null}},"4":{"start":{"line":53,"column":13},"end":{"line":56,"column":null}}},"fnMap":{},"branchMap":{},"s":{"0":0,"1":0,"2":0,"3":0,"4":0},"f":{},"b":{}}
,"C:\\Users\\joshi\\OneDrive\\Documents\\code\\personal\\Adminis-construction\\src\\features\\Contact\\loadable.ts": {"path":"C:\\Users\\joshi\\OneDrive\\Documents\\code\\personal\\Adminis-construction\\src\\features\\Contact\\loadable.ts","statementMap":{"0":{"start":{"line":5,"column":0},"end":{"line":5,"column":48}},"1":{"start":{"line":7,"column":0},"end":{"line":9,"column":null}},"2":{"start":{"line":7,"column":29},"end":{"line":7,"column":49}}},"fnMap":{"0":{"name":"(anonymous_10)","decl":{"start":{"line":7,"column":24},"end":{"line":7,"column":27}},"loc":{"start":{"line":7,"column":29},"end":{"line":7,"column":49}}},"1":{"name":"(anonymous_11)","decl":{"start":{"line":7,"column":29},"end":{"line":7,"column":37}},"loc":{"start":{"line":7,"column":29},"end":{"line":7,"column":49}}}},"branchMap":{},"s":{"0":0,"1":0,"2":0},"f":{"0":0,"1":0},"b":{}}
,"C:\\Users\\joshi\\OneDrive\\Documents\\code\\personal\\Adminis-construction\\src\\features\\Contact\\styledComponents.tsx": {"path":"C:\\Users\\joshi\\OneDrive\\Documents\\code\\personal\\Adminis-construction\\src\\features\\Contact\\styledComponents.tsx","statementMap":{"0":{"start":{"line":1,"column":0},"end":{"line":1,"column":38}},"1":{"start":{"line":2,"column":0},"end":{"line":2,"column":38}},"2":{"start":{"line":4,"column":13},"end":{"line":22,"column":null}},"3":{"start":{"line":13,"column":49},"end":{"line":13,"column":71}},"4":{"start":{"line":24,"column":13},"end":{"line":26,"column":null}},"5":{"start":{"line":28,"column":13},"end":{"line":36,"column":null}},"6":{"start":{"line":29,"column":26},"end":{"line":29,"column":39}},"7":{"start":{"line":33,"column":49},"end":{"line":33,"column":71}},"8":{"start":{"line":38,"column":13},"end":{"line":44,"column":null}},"9":{"start":{"line":41,"column":49},"end":{"line":41,"column":71}},"10":{"start":{"line":46,"column":13},"end":{"line":54,"column":null}},"11":{"start":{"line":47,"column":26},"end":{"line":47,"column":39}},"12":{"start":{"line":51,"column":49},"end":{"line":51,"column":71}}},"fnMap":{"0":{"name":"(anonymous_1)","decl":{"start":{"line":13,"column":34},"end":{"line":13,"column":35}},"loc":{"start":{"line":13,"column":49},"end":{"line":13,"column":71}}},"1":{"name":"(anonymous_2)","decl":{"start":{"line":29,"column":11},"end":{"line":29,"column":12}},"loc":{"start":{"line":29,"column":26},"end":{"line":29,"column":39}}},"2":{"name":"(anonymous_3)","decl":{"start":{"line":33,"column":34},"end":{"line":33,"column":35}},"loc":{"start":{"line":33,"column":49},"end":{"line":33,"column":71}}},"3":{"name":"(anonymous_4)","decl":{"start":{"line":41,"column":34},"end":{"line":41,"column":35}},"loc":{"start":{"line":41,"column":49},"end":{"line":41,"column":71}}},"4":{"name":"(anonymous_5)","decl":{"start":{"line":47,"column":11},"end":{"line":47,"column":12}},"loc":{"start":{"line":47,"column":26},"end":{"line":47,"column":39}}},"5":{"name":"(anonymous_6)","decl":{"start":{"line":51,"column":34},"end":{"line":51,"column":35}},"loc":{"start":{"line":51,"column":49},"end":{"line":51,"column":71}}}},"branchMap":{},"s":{"0":0,"1":0,"2":0,"3":0,"4":0,"5":0,"6":0,"7":0,"8":0,"9":0,"10":0,"11":0,"12":0},"f":{"0":0,"1":0,"2":0,"3":0,"4":0,"5":0},"b":{}}
,"C:\\Users\\joshi\\OneDrive\\Documents\\code\\personal\\Adminis-construction\\src\\features\\Landing\\Landing.tsx": {"path":"C:\\Users\\joshi\\OneDrive\\Documents\\code\\personal\\Adminis-construction\\src\\features\\Landing\\Landing.tsx","statementMap":{"0":{"start":{"line":1,"column":0},"end":{"line":1,"column":37}},"1":{"start":{"line":3,"column":0},"end":{"line":3,"column":61}},"2":{"start":{"line":5,"column":0},"end":{"line":5,"column":45}},"3":{"start":{"line":6,"column":0},"end":{"line":6,"column":51}},"4":{"start":{"line":8,"column":0},"end":{"line":8,"column":71}},"5":{"start":{"line":10,"column":0},"end":{"line":10,"column":81}},"6":{"start":{"line":12,"column":0},"end":{"line":12,"column":45}},"7":{"start":{"line":14,"column":0},"end":{"line":14,"column":62}},"8":{"start":{"line":15,"column":0},"end":{"line":15,"column":null}},"9":{"start":{"line":20,"column":0},"end":{"line":20,"column":39}},"10":{"start":{"line":22,"column":0},"end":{"line":22,"column":51}},"11":{"start":{"line":23,"column":0},"end":{"line":23,"column":null}},"12":{"start":{"line":32,"column":0},"end":{"line":32,"column":47}},"13":{"start":{"line":33,"column":0},"end":{"line":33,"column":28}},"14":{"start":{"line":34,"column":0},"end":{"line":34,"column":32}},"15":{"start":{"line":36,"column":22},"end":{"line":41,"column":null}},"16":{"start":{"line":43,"column":20},"end":{"line":88,"column":1}},"17":{"start":{"line":44,"column":19},"end":{"line":44,"column":35}},"18":{"start":{"line":46,"column":29},"end":{"line":46,"column":62}},"19":{"start":{"line":47,"column":27},"end":{"line":47,"column":63}},"20":{"start":{"line":48,"column":25},"end":{"line":48,"column":55}},"21":{"start":{"line":50,"column":2},"end":{"line":52,"column":null}},"22":{"start":{"line":51,"column":4},"end":{"line":51,"column":null}},"23":{"start":{"line":54,"column":2},"end":{"line":87,"column":null}},"24":{"start":{"line":79,"column":14},"end":{"line":79,"column":56}},"25":{"start":{"line":90,"column":0},"end":{"line":90,"column":null}}},"fnMap":{"0":{"name":"(anonymous_1)","decl":{"start":{"line":43,"column":20},"end":{"line":43,"column":23}},"loc":{"start":{"line":43,"column":25},"end":{"line":88,"column":1}}},"1":{"name":"(anonymous_2)","decl":{"start":{"line":50,"column":12},"end":{"line":50,"column":15}},"loc":{"start":{"line":50,"column":17},"end":{"line":52,"column":3}}},"2":{"name":"(anonymous_3)","decl":{"start":{"line":78,"column":29},"end":{"line":78,"column":30}},"loc":{"start":{"line":79,"column":14},"end":{"line":79,"column":56}}}},"branchMap":{"0":{"loc":{"start":{"line":70,"column":9},"end":{"line":81,"column":null}},"type":"cond-expr","locations":[{"start":{"line":71,"column":10},"end":{"line":74,"column":null}},{"start":{"line":77,"column":10},"end":{"line":80,"column":null}}]}},"s":{"0":0,"1":0,"2":0,"3":0,"4":0,"5":0,"6":0,"7":0,"8":0,"9":0,"10":0,"11":0,"12":0,"13":0,"14":0,"15":0,"16":0,"17":0,"18":0,"19":0,"20":0,"21":0,"22":0,"23":0,"24":0,"25":0},"f":{"0":0,"1":0,"2":0},"b":{"0":[0,0]}}
,"C:\\Users\\joshi\\OneDrive\\Documents\\code\\personal\\Adminis-construction\\src\\features\\Landing\\index.tsx": {"path":"C:\\Users\\joshi\\OneDrive\\Documents\\code\\personal\\Adminis-construction\\src\\features\\Landing\\index.tsx","statementMap":{"0":{"start":{"line":1,"column":0},"end":{"line":1,"column":32}},"1":{"start":{"line":3,"column":0},"end":{"line":3,"column":null}}},"fnMap":{},"branchMap":{},"s":{"0":0,"1":0},"f":{},"b":{}}
,"C:\\Users\\joshi\\OneDrive\\Documents\\code\\personal\\Adminis-construction\\src\\features\\Landing\\lib.ts": {"path":"C:\\Users\\joshi\\OneDrive\\Documents\\code\\personal\\Adminis-construction\\src\\features\\Landing\\lib.ts","statementMap":{"0":{"start":{"line":3,"column":13},"end":{"line":6,"column":null}},"1":{"start":{"line":8,"column":13},"end":{"line":11,"column":null}}},"fnMap":{},"branchMap":{},"s":{"0":0,"1":0},"f":{},"b":{}}
,"C:\\Users\\joshi\\OneDrive\\Documents\\code\\personal\\Adminis-construction\\src\\features\\Landing\\loadable.ts": {"path":"C:\\Users\\joshi\\OneDrive\\Documents\\code\\personal\\Adminis-construction\\src\\features\\Landing\\loadable.ts","statementMap":{"0":{"start":{"line":5,"column":0},"end":{"line":5,"column":48}},"1":{"start":{"line":7,"column":0},"end":{"line":9,"column":null}},"2":{"start":{"line":7,"column":29},"end":{"line":7,"column":49}}},"fnMap":{"0":{"name":"(anonymous_10)","decl":{"start":{"line":7,"column":24},"end":{"line":7,"column":27}},"loc":{"start":{"line":7,"column":29},"end":{"line":7,"column":49}}},"1":{"name":"(anonymous_11)","decl":{"start":{"line":7,"column":29},"end":{"line":7,"column":37}},"loc":{"start":{"line":7,"column":29},"end":{"line":7,"column":49}}}},"branchMap":{},"s":{"0":0,"1":0,"2":0},"f":{"0":0,"1":0},"b":{}}
,"C:\\Users\\joshi\\OneDrive\\Documents\\code\\personal\\Adminis-construction\\src\\features\\Landing\\styledComponents.tsx": {"path":"C:\\Users\\joshi\\OneDrive\\Documents\\code\\personal\\Adminis-construction\\src\\features\\Landing\\styledComponents.tsx","statementMap":{"0":{"start":{"line":1,"column":0},"end":{"line":1,"column":38}},"1":{"start":{"line":3,"column":13},"end":{"line":9,"column":null}},"2":{"start":{"line":6,"column":49},"end":{"line":6,"column":71}},"3":{"start":{"line":11,"column":13},"end":{"line":27,"column":null}},"4":{"start":{"line":20,"column":49},"end":{"line":20,"column":71}},"5":{"start":{"line":29,"column":13},"end":{"line":37,"column":null}},"6":{"start":{"line":34,"column":49},"end":{"line":34,"column":71}},"7":{"start":{"line":39,"column":13},"end":{"line":49,"column":null}},"8":{"start":{"line":42,"column":26},"end":{"line":42,"column":39}},"9":{"start":{"line":45,"column":49},"end":{"line":45,"column":71}},"10":{"start":{"line":51,"column":13},"end":{"line":57,"column":null}},"11":{"start":{"line":59,"column":13},"end":{"line":67,"column":null}},"12":{"start":{"line":61,"column":26},"end":{"line":61,"column":41}},"13":{"start":{"line":63,"column":49},"end":{"line":63,"column":71}},"14":{"start":{"line":69,"column":13},"end":{"line":77,"column":null}},"15":{"start":{"line":71,"column":26},"end":{"line":71,"column":41}},"16":{"start":{"line":73,"column":49},"end":{"line":73,"column":71}}},"fnMap":{"0":{"name":"(anonymous_1)","decl":{"start":{"line":6,"column":34},"end":{"line":6,"column":35}},"loc":{"start":{"line":6,"column":49},"end":{"line":6,"column":71}}},"1":{"name":"(anonymous_2)","decl":{"start":{"line":20,"column":34},"end":{"line":20,"column":35}},"loc":{"start":{"line":20,"column":49},"end":{"line":20,"column":71}}},"2":{"name":"(anonymous_3)","decl":{"start":{"line":34,"column":34},"end":{"line":34,"column":35}},"loc":{"start":{"line":34,"column":49},"end":{"line":34,"column":71}}},"3":{"name":"(anonymous_4)","decl":{"start":{"line":42,"column":11},"end":{"line":42,"column":12}},"loc":{"start":{"line":42,"column":26},"end":{"line":42,"column":39}}},"4":{"name":"(anonymous_5)","decl":{"start":{"line":45,"column":34},"end":{"line":45,"column":35}},"loc":{"start":{"line":45,"column":49},"end":{"line":45,"column":71}}},"5":{"name":"(anonymous_6)","decl":{"start":{"line":61,"column":11},"end":{"line":61,"column":12}},"loc":{"start":{"line":61,"column":26},"end":{"line":61,"column":41}}},"6":{"name":"(anonymous_7)","decl":{"start":{"line":63,"column":34},"end":{"line":63,"column":35}},"loc":{"start":{"line":63,"column":49},"end":{"line":63,"column":71}}},"7":{"name":"(anonymous_8)","decl":{"start":{"line":71,"column":11},"end":{"line":71,"column":12}},"loc":{"start":{"line":71,"column":26},"end":{"line":71,"column":41}}},"8":{"name":"(anonymous_9)","decl":{"start":{"line":73,"column":34},"end":{"line":73,"column":35}},"loc":{"start":{"line":73,"column":49},"end":{"line":73,"column":71}}}},"branchMap":{},"s":{"0":0,"1":0,"2":0,"3":0,"4":0,"5":0,"6":0,"7":0,"8":0,"9":0,"10":0,"11":0,"12":0,"13":0,"14":0,"15":0,"16":0},"f":{"0":0,"1":0,"2":0,"3":0,"4":0,"5":0,"6":0,"7":0,"8":0},"b":{}}
,"C:\\Users\\joshi\\OneDrive\\Documents\\code\\personal\\Adminis-construction\\src\\features\\Landing\\ProjectCard\\ProjectCard.tsx": {"path":"C:\\Users\\joshi\\OneDrive\\Documents\\code\\personal\\Adminis-construction\\src\\features\\Landing\\ProjectCard\\ProjectCard.tsx","statementMap":{"0":{"start":{"line":3,"column":0},"end":{"line":3,"column":55}},"1":{"start":{"line":4,"column":0},"end":{"line":4,"column":69}},"2":{"start":{"line":6,"column":0},"end":{"line":6,"column":57}},"3":{"start":{"line":14,"column":42},"end":{"line":23,"column":1}},"4":{"start":{"line":15,"column":2},"end":{"line":22,"column":null}},"5":{"start":{"line":25,"column":0},"end":{"line":25,"column":null}}},"fnMap":{"0":{"name":"(anonymous_1)","decl":{"start":{"line":14,"column":42},"end":{"line":14,"column":43}},"loc":{"start":{"line":14,"column":73},"end":{"line":23,"column":1}}}},"branchMap":{},"s":{"0":0,"1":0,"2":0,"3":0,"4":0,"5":0},"f":{"0":0},"b":{}}
,"C:\\Users\\joshi\\OneDrive\\Documents\\code\\personal\\Adminis-construction\\src\\features\\Landing\\ProjectCard\\index.ts": {"path":"C:\\Users\\joshi\\OneDrive\\Documents\\code\\personal\\Adminis-construction\\src\\features\\Landing\\ProjectCard\\index.ts","statementMap":{"0":{"start":{"line":1,"column":0},"end":{"line":1,"column":39}},"1":{"start":{"line":3,"column":0},"end":{"line":3,"column":null}}},"fnMap":{},"branchMap":{},"s":{"0":0,"1":0},"f":{},"b":{}}
,"C:\\Users\\joshi\\OneDrive\\Documents\\code\\personal\\Adminis-construction\\src\\features\\Landing\\ProjectCard\\styledComponents.tsx": {"path":"C:\\Users\\joshi\\OneDrive\\Documents\\code\\personal\\Adminis-construction\\src\\features\\Landing\\ProjectCard\\styledComponents.tsx","statementMap":{"0":{"start":{"line":1,"column":0},"end":{"line":1,"column":38}},"1":{"start":{"line":3,"column":13},"end":{"line":8,"column":null}},"2":{"start":{"line":4,"column":26},"end":{"line":4,"column":39}}},"fnMap":{"0":{"name":"(anonymous_1)","decl":{"start":{"line":4,"column":11},"end":{"line":4,"column":12}},"loc":{"start":{"line":4,"column":26},"end":{"line":4,"column":39}}}},"branchMap":{},"s":{"0":0,"1":0,"2":0},"f":{"0":0},"b":{}}
,"C:\\Users\\joshi\\OneDrive\\Documents\\code\\personal\\Adminis-construction\\src\\features\\Landing\\redux\\index.ts": {"path":"C:\\Users\\joshi\\OneDrive\\Documents\\code\\personal\\Adminis-construction\\src\\features\\Landing\\redux\\index.ts","statementMap":{"0":{"start":{"line":1,"column":0},"end":{"line":1,"column":41}},"1":{"start":{"line":3,"column":0},"end":{"line":3,"column":null}}},"fnMap":{},"branchMap":{},"s":{"0":0,"1":0},"f":{},"b":{}}
,"C:\\Users\\joshi\\OneDrive\\Documents\\code\\personal\\Adminis-construction\\src\\features\\Landing\\redux\\landingActions.ts": {"path":"C:\\Users\\joshi\\OneDrive\\Documents\\code\\personal\\Adminis-construction\\src\\features\\Landing\\redux\\landingActions.ts","statementMap":{"0":{"start":{"line":1,"column":0},"end":{"line":1,"column":47}},"1":{"start":{"line":3,"column":33},"end":{"line":3,"column":59}},"2":{"start":{"line":4,"column":13},"end":{"line":6,"column":null}}},"fnMap":{},"branchMap":{},"s":{"0":0,"1":0,"2":0},"f":{},"b":{}}
,"C:\\Users\\joshi\\OneDrive\\Documents\\code\\personal\\Adminis-construction\\src\\features\\Landing\\redux\\landingApi.ts": {"path":"C:\\Users\\joshi\\OneDrive\\Documents\\code\\personal\\Adminis-construction\\src\\features\\Landing\\redux\\landingApi.ts","statementMap":{"0":{"start":{"line":1,"column":0},"end":{"line":1,"column":36}},"1":{"start":{"line":3,"column":0},"end":{"line":3,"column":32}},"2":{"start":{"line":5,"column":36},"end":{"line":25,"column":1}},"3":{"start":{"line":6,"column":19},"end":{"line":22,"column":4}},"4":{"start":{"line":24,"column":2},"end":{"line":24,"column":null}},"5":{"start":{"line":5,"column":13},"end":{"line":5,"column":36}}},"fnMap":{"0":{"name":"(anonymous_0)","decl":{"start":{"line":5,"column":36},"end":{"line":5,"column":41}},"loc":{"start":{"line":5,"column":47},"end":{"line":25,"column":1}}}},"branchMap":{},"s":{"0":0,"1":0,"2":0,"3":0,"4":0,"5":0},"f":{"0":0},"b":{}}
,"C:\\Users\\joshi\\OneDrive\\Documents\\code\\personal\\Adminis-construction\\src\\features\\Landing\\redux\\landingInitial.ts": {"path":"C:\\Users\\joshi\\OneDrive\\Documents\\code\\personal\\Adminis-construction\\src\\features\\Landing\\redux\\landingInitial.ts","statementMap":{"0":{"start":{"line":7,"column":43},"end":{"line":11,"column":null}},"1":{"start":{"line":13,"column":0},"end":{"line":13,"column":null}}},"fnMap":{},"branchMap":{},"s":{"0":0,"1":0},"f":{},"b":{}}
,"C:\\Users\\joshi\\OneDrive\\Documents\\code\\personal\\Adminis-construction\\src\\features\\Landing\\redux\\landingSagas.ts": {"path":"C:\\Users\\joshi\\OneDrive\\Documents\\code\\personal\\Adminis-construction\\src\\features\\Landing\\redux\\landingSagas.ts","statementMap":{"0":{"start":{"line":1,"column":0},"end":{"line":1,"column":null}},"1":{"start":{"line":11,"column":0},"end":{"line":11,"column":56}},"2":{"start":{"line":12,"column":0},"end":{"line":12,"column":null}},"3":{"start":{"line":17,"column":0},"end":{"line":17,"column":51}},"4":{"start":{"line":23,"column":27},"end":{"line":23,"column":59}},"5":{"start":{"line":24,"column":2},"end":{"line":24,"column":null}},"6":{"start":{"line":25,"column":2},"end":{"line":25,"column":null}},"7":{"start":{"line":26,"column":2},"end":{"line":33,"column":3}},"8":{"start":{"line":27,"column":4},"end":{"line":27,"column":null}},"9":{"start":{"line":29,"column":4},"end":{"line":29,"column":null}},"10":{"start":{"line":30,"column":4},"end":{"line":30,"column":null}},"11":{"start":{"line":32,"column":4},"end":{"line":32,"column":null}},"12":{"start":{"line":38,"column":2},"end":{"line":38,"column":null}},"13":{"start":{"line":41,"column":21},"end":{"line":41,"column":49}},"14":{"start":{"line":43,"column":0},"end":{"line":43,"column":null}}},"fnMap":{"0":{"name":"fetchGithubRepos","decl":{"start":{"line":20,"column":10},"end":{"line":20,"column":26}},"loc":{"start":{"line":20,"column":26},"end":{"line":34,"column":1}}},"1":{"name":"watchFetchGithubRepo","decl":{"start":{"line":37,"column":10},"end":{"line":37,"column":30}},"loc":{"start":{"line":37,"column":30},"end":{"line":39,"column":1}}}},"branchMap":{},"s":{"0":0,"1":0,"2":0,"3":0,"4":0,"5":0,"6":0,"7":0,"8":0,"9":0,"10":0,"11":0,"12":0,"13":0,"14":0},"f":{"0":0,"1":0},"b":{}}
,"C:\\Users\\joshi\\OneDrive\\Documents\\code\\personal\\Adminis-construction\\src\\features\\Landing\\redux\\landingSelectors.ts": {"path":"C:\\Users\\joshi\\OneDrive\\Documents\\code\\personal\\Adminis-construction\\src\\features\\Landing\\redux\\landingSelectors.ts","statementMap":{"0":{"start":{"line":1,"column":0},"end":{"line":1,"column":49}},"1":{"start":{"line":3,"column":34},"end":{"line":3,"column":63}},"2":{"start":{"line":3,"column":50},"end":{"line":3,"column":63}},"3":{"start":{"line":5,"column":13},"end":{"line":8,"column":null}},"4":{"start":{"line":7,"column":13},"end":{"line":7,"column":30}},"5":{"start":{"line":10,"column":13},"end":{"line":13,"column":null}},"6":{"start":{"line":12,"column":13},"end":{"line":12,"column":26}}},"fnMap":{"0":{"name":"(anonymous_0)","decl":{"start":{"line":3,"column":34},"end":{"line":3,"column":35}},"loc":{"start":{"line":3,"column":50},"end":{"line":3,"column":63}}},"1":{"name":"(anonymous_1)","decl":{"start":{"line":7,"column":2},"end":{"line":7,"column":3}},"loc":{"start":{"line":7,"column":13},"end":{"line":7,"column":30}}},"2":{"name":"(anonymous_2)","decl":{"start":{"line":12,"column":2},"end":{"line":12,"column":3}},"loc":{"start":{"line":12,"column":13},"end":{"line":12,"column":26}}}},"branchMap":{},"s":{"0":0,"1":0,"2":0,"3":0,"4":0,"5":0,"6":0},"f":{"0":0,"1":0,"2":0},"b":{}}
,"C:\\Users\\joshi\\OneDrive\\Documents\\code\\personal\\Adminis-construction\\src\\features\\Landing\\redux\\landingSlice.ts": {"path":"C:\\Users\\joshi\\OneDrive\\Documents\\code\\personal\\Adminis-construction\\src\\features\\Landing\\redux\\landingSlice.ts","statementMap":{"0":{"start":{"line":1,"column":0},"end":{"line":1,"column":61}},"1":{"start":{"line":3,"column":0},"end":{"line":3,"column":43}},"2":{"start":{"line":6,"column":21},"end":{"line":20,"column":2}},"3":{"start":{"line":11,"column":6},"end":{"line":11,"column":null}},"4":{"start":{"line":14,"column":6},"end":{"line":14,"column":null}},"5":{"start":{"line":17,"column":6},"end":{"line":17,"column":null}},"6":{"start":{"line":22,"column":13},"end":{"line":22,"column":null}},"7":{"start":{"line":25,"column":0},"end":{"line":25,"column":null}}},"fnMap":{"0":{"name":"(anonymous_1)","decl":{"start":{"line":10,"column":20},"end":{"line":10,"column":21}},"loc":{"start":{"line":10,"column":65},"end":{"line":12,"column":5}}},"1":{"name":"(anonymous_2)","decl":{"start":{"line":13,"column":23},"end":{"line":13,"column":24}},"loc":{"start":{"line":13,"column":33},"end":{"line":15,"column":5}}},"2":{"name":"(anonymous_3)","decl":{"start":{"line":16,"column":22},"end":{"line":16,"column":23}},"loc":{"start":{"line":16,"column":32},"end":{"line":18,"column":5}}}},"branchMap":{},"s":{"0":0,"1":0,"2":0,"3":0,"4":0,"5":0,"6":0,"7":0},"f":{"0":0,"1":0,"2":0},"b":{}}
,"C:\\Users\\joshi\\OneDrive\\Documents\\code\\personal\\Adminis-construction\\src\\features\\Main\\Main.tsx": {"path":"C:\\Users\\joshi\\OneDrive\\Documents\\code\\personal\\Adminis-construction\\src\\features\\Main\\Main.tsx","statementMap":{"0":{"start":{"line":1,"column":0},"end":{"line":1,"column":37}},"1":{"start":{"line":2,"column":0},"end":{"line":2,"column":41}},"2":{"start":{"line":3,"column":0},"end":{"line":3,"column":49}},"3":{"start":{"line":4,"column":0},"end":{"line":4,"column":79}},"4":{"start":{"line":6,"column":0},"end":{"line":6,"column":49}},"5":{"start":{"line":8,"column":0},"end":{"line":8,"column":77}},"6":{"start":{"line":9,"column":0},"end":{"line":9,"column":71}},"7":{"start":{"line":11,"column":0},"end":{"line":11,"column":53}},"8":{"start":{"line":12,"column":0},"end":{"line":12,"column":40}},"9":{"start":{"line":14,"column":0},"end":{"line":14,"column":50}},"10":{"start":{"line":15,"column":0},"end":{"line":15,"column":74}},"11":{"start":{"line":17,"column":17},"end":{"line":35,"column":1}},"12":{"start":{"line":18,"column":19},"end":{"line":18,"column":35}},"13":{"start":{"line":20,"column":21},"end":{"line":20,"column":47}},"14":{"start":{"line":22,"column":2},"end":{"line":24,"column":null}},"15":{"start":{"line":23,"column":4},"end":{"line":23,"column":null}},"16":{"start":{"line":26,"column":2},"end":{"line":34,"column":null}},"17":{"start":{"line":37,"column":0},"end":{"line":37,"column":null}}},"fnMap":{"0":{"name":"(anonymous_1)","decl":{"start":{"line":17,"column":17},"end":{"line":17,"column":20}},"loc":{"start":{"line":17,"column":22},"end":{"line":35,"column":1}}},"1":{"name":"(anonymous_2)","decl":{"start":{"line":22,"column":12},"end":{"line":22,"column":15}},"loc":{"start":{"line":22,"column":17},"end":{"line":24,"column":3}}}},"branchMap":{},"s":{"0":0,"1":0,"2":0,"3":0,"4":0,"5":0,"6":0,"7":0,"8":0,"9":0,"10":0,"11":0,"12":0,"13":0,"14":0,"15":0,"16":0,"17":0},"f":{"0":0,"1":0},"b":{}}
,"C:\\Users\\joshi\\OneDrive\\Documents\\code\\personal\\Adminis-construction\\src\\features\\Main\\index.tsx": {"path":"C:\\Users\\joshi\\OneDrive\\Documents\\code\\personal\\Adminis-construction\\src\\features\\Main\\index.tsx","statementMap":{"0":{"start":{"line":1,"column":0},"end":{"line":1,"column":29}},"1":{"start":{"line":3,"column":0},"end":{"line":3,"column":null}}},"fnMap":{},"branchMap":{},"s":{"0":0,"1":0},"f":{},"b":{}}
,"C:\\Users\\joshi\\OneDrive\\Documents\\code\\personal\\Adminis-construction\\src\\features\\Main\\loadable.ts": {"path":"C:\\Users\\joshi\\OneDrive\\Documents\\code\\personal\\Adminis-construction\\src\\features\\Main\\loadable.ts","statementMap":{"0":{"start":{"line":5,"column":0},"end":{"line":5,"column":48}},"1":{"start":{"line":7,"column":0},"end":{"line":9,"column":null}},"2":{"start":{"line":7,"column":29},"end":{"line":7,"column":46}}},"fnMap":{"0":{"name":"(anonymous_10)","decl":{"start":{"line":7,"column":24},"end":{"line":7,"column":27}},"loc":{"start":{"line":7,"column":29},"end":{"line":7,"column":46}}},"1":{"name":"(anonymous_11)","decl":{"start":{"line":7,"column":29},"end":{"line":7,"column":37}},"loc":{"start":{"line":7,"column":29},"end":{"line":7,"column":46}}}},"branchMap":{},"s":{"0":0,"1":0,"2":0},"f":{"0":0,"1":0},"b":{}}
,"C:\\Users\\joshi\\OneDrive\\Documents\\code\\personal\\Adminis-construction\\src\\features\\Main\\styledComponents.tsx": {"path":"C:\\Users\\joshi\\OneDrive\\Documents\\code\\personal\\Adminis-construction\\src\\features\\Main\\styledComponents.tsx","statementMap":{"0":{"start":{"line":1,"column":0},"end":{"line":1,"column":38}},"1":{"start":{"line":3,"column":13},"end":{"line":15,"column":null}},"2":{"start":{"line":8,"column":37},"end":{"line":8,"column":50}},"3":{"start":{"line":11,"column":49},"end":{"line":11,"column":71}}},"fnMap":{"0":{"name":"(anonymous_1)","decl":{"start":{"line":8,"column":22},"end":{"line":8,"column":23}},"loc":{"start":{"line":8,"column":37},"end":{"line":8,"column":50}}},"1":{"name":"(anonymous_2)","decl":{"start":{"line":11,"column":34},"end":{"line":11,"column":35}},"loc":{"start":{"line":11,"column":49},"end":{"line":11,"column":71}}}},"branchMap":{},"s":{"0":0,"1":0,"2":0,"3":0},"f":{"0":0,"1":0},"b":{}}
,"C:\\Users\\joshi\\OneDrive\\Documents\\code\\personal\\Adminis-construction\\src\\shared\\components\\Adminis\\Adminis.tsx": {"path":"C:\\Users\\joshi\\OneDrive\\Documents\\code\\personal\\Adminis-construction\\src\\shared\\components\\Adminis\\Adminis.tsx","statementMap":{"0":{"start":{"line":3,"column":0},"end":{"line":3,"column":47}},"1":{"start":{"line":5,"column":21},"end":{"line":5,"column":30}},"2":{"start":{"line":7,"column":20},"end":{"line":10,"column":null}},"3":{"start":{"line":8,"column":2},"end":{"line":9,"column":null}},"4":{"start":{"line":13,"column":0},"end":{"line":13,"column":null}}},"fnMap":{"0":{"name":"(anonymous_0)","decl":{"start":{"line":7,"column":20},"end":{"line":7,"column":23}},"loc":{"start":{"line":8,"column":2},"end":{"line":9,"column":null}}}},"branchMap":{},"s":{"0":0,"1":0,"2":0,"3":0,"4":0},"f":{"0":0},"b":{}}
,"C:\\Users\\joshi\\OneDrive\\Documents\\code\\personal\\Adminis-construction\\src\\shared\\components\\Adminis\\index.ts": {"path":"C:\\Users\\joshi\\OneDrive\\Documents\\code\\personal\\Adminis-construction\\src\\shared\\components\\Adminis\\index.ts","statementMap":{"0":{"start":{"line":1,"column":0},"end":{"line":1,"column":31}},"1":{"start":{"line":3,"column":0},"end":{"line":3,"column":null}}},"fnMap":{},"branchMap":{},"s":{"0":0,"1":0},"f":{},"b":{}}
,"C:\\Users\\joshi\\OneDrive\\Documents\\code\\personal\\Adminis-construction\\src\\shared\\components\\CustomLink\\CustomLink.tsx": {"path":"C:\\Users\\joshi\\OneDrive\\Documents\\code\\personal\\Adminis-construction\\src\\shared\\components\\CustomLink\\CustomLink.tsx","statementMap":{"0":{"start":{"line":3,"column":0},"end":{"line":3,"column":64}},"1":{"start":{"line":12,"column":59},"end":{"line":28,"column":null}},"2":{"start":{"line":20,"column":2},"end":{"line":27,"column":null}},"3":{"start":{"line":31,"column":0},"end":{"line":31,"column":null}}},"fnMap":{"0":{"name":"(anonymous_0)","decl":{"start":{"line":12,"column":59},"end":{"line":12,"column":60}},"loc":{"start":{"line":20,"column":2},"end":{"line":27,"column":null}}}},"branchMap":{"0":{"loc":{"start":{"line":23,"column":12},"end":{"line":23,"column":38}},"type":"cond-expr","locations":[{"start":{"line":23,"column":18},"end":{"line":23,"column":27}},{"start":{"line":23,"column":30},"end":{"line":23,"column":38}}]}},"s":{"0":0,"1":0,"2":0,"3":0},"f":{"0":0},"b":{"0":[0,0]}}
,"C:\\Users\\joshi\\OneDrive\\Documents\\code\\personal\\Adminis-construction\\src\\shared\\components\\CustomLink\\index.ts": {"path":"C:\\Users\\joshi\\OneDrive\\Documents\\code\\personal\\Adminis-construction\\src\\shared\\components\\CustomLink\\index.ts","statementMap":{"0":{"start":{"line":1,"column":0},"end":{"line":1,"column":37}},"1":{"start":{"line":3,"column":0},"end":{"line":3,"column":null}}},"fnMap":{},"branchMap":{},"s":{"0":0,"1":0},"f":{},"b":{}}
,"C:\\Users\\joshi\\OneDrive\\Documents\\code\\personal\\Adminis-construction\\src\\shared\\components\\CustomLink\\styledComponents.tsx": {"path":"C:\\Users\\joshi\\OneDrive\\Documents\\code\\personal\\Adminis-construction\\src\\shared\\components\\CustomLink\\styledComponents.tsx","statementMap":{"0":{"start":{"line":1,"column":0},"end":{"line":1,"column":39}},"1":{"start":{"line":3,"column":0},"end":{"line":3,"column":38}},"2":{"start":{"line":10,"column":13},"end":{"line":32,"column":null}},"3":{"start":{"line":15,"column":21},"end":{"line":15,"column":34}},"4":{"start":{"line":16,"column":37},"end":{"line":16,"column":74}},"5":{"start":{"line":21,"column":40},"end":{"line":21,"column":73}},"6":{"start":{"line":27,"column":26},"end":{"line":27,"column":39}}},"fnMap":{"0":{"name":"(anonymous_1)","decl":{"start":{"line":15,"column":6},"end":{"line":15,"column":7}},"loc":{"start":{"line":15,"column":21},"end":{"line":15,"column":34}}},"1":{"name":"(anonymous_2)","decl":{"start":{"line":16,"column":17},"end":{"line":16,"column":18}},"loc":{"start":{"line":16,"column":37},"end":{"line":16,"column":74}}},"2":{"name":"(anonymous_3)","decl":{"start":{"line":21,"column":17},"end":{"line":21,"column":18}},"loc":{"start":{"line":21,"column":40},"end":{"line":21,"column":73}}},"3":{"name":"(anonymous_4)","decl":{"start":{"line":27,"column":11},"end":{"line":27,"column":12}},"loc":{"start":{"line":27,"column":26},"end":{"line":27,"column":39}}}},"branchMap":{"0":{"loc":{"start":{"line":16,"column":37},"end":{"line":16,"column":74}},"type":"cond-expr","locations":[{"start":{"line":16,"column":49},"end":{"line":16,"column":60}},{"start":{"line":16,"column":63},"end":{"line":16,"column":74}}]},"1":{"loc":{"start":{"line":21,"column":40},"end":{"line":21,"column":73}},"type":"cond-expr","locations":[{"start":{"line":21,"column":55},"end":{"line":21,"column":59}},{"start":{"line":21,"column":62},"end":{"line":21,"column":73}}]}},"s":{"0":0,"1":0,"2":0,"3":0,"4":0,"5":0,"6":0},"f":{"0":0,"1":0,"2":0,"3":0},"b":{"0":[0,0],"1":[0,0]}}
,"C:\\Users\\joshi\\OneDrive\\Documents\\code\\personal\\Adminis-construction\\src\\shared\\components\\FormInput\\FormInput.tsx": {"path":"C:\\Users\\joshi\\OneDrive\\Documents\\code\\personal\\Adminis-construction\\src\\shared\\components\\FormInput\\FormInput.tsx","statementMap":{"0":{"start":{"line":2,"column":0},"end":{"line":2,"column":null}},"1":{"start":{"line":15,"column":38},"end":{"line":27,"column":null}},"2":{"start":{"line":16,"column":2},"end":{"line":26,"column":null}},"3":{"start":{"line":29,"column":0},"end":{"line":29,"column":null}}},"fnMap":{"0":{"name":"(anonymous_0)","decl":{"start":{"line":15,"column":38},"end":{"line":15,"column":39}},"loc":{"start":{"line":16,"column":2},"end":{"line":26,"column":null}}}},"branchMap":{},"s":{"0":0,"1":0,"2":0,"3":0},"f":{"0":0},"b":{}}
,"C:\\Users\\joshi\\OneDrive\\Documents\\code\\personal\\Adminis-construction\\src\\shared\\components\\FormInput\\index.ts": {"path":"C:\\Users\\joshi\\OneDrive\\Documents\\code\\personal\\Adminis-construction\\src\\shared\\components\\FormInput\\index.ts","statementMap":{"0":{"start":{"line":1,"column":0},"end":{"line":1,"column":35}},"1":{"start":{"line":3,"column":0},"end":{"line":3,"column":null}}},"fnMap":{},"branchMap":{},"s":{"0":0,"1":0},"f":{},"b":{}}
,"C:\\Users\\joshi\\OneDrive\\Documents\\code\\personal\\Adminis-construction\\src\\shared\\components\\FormInput\\styledComponents.tsx": {"path":"C:\\Users\\joshi\\OneDrive\\Documents\\code\\personal\\Adminis-construction\\src\\shared\\components\\FormInput\\styledComponents.tsx","statementMap":{"0":{"start":{"line":1,"column":0},"end":{"line":1,"column":38}},"1":{"start":{"line":3,"column":13},"end":{"line":11,"column":null}},"2":{"start":{"line":13,"column":13},"end":{"line":20,"column":null}},"3":{"start":{"line":19,"column":26},"end":{"line":19,"column":39}},"4":{"start":{"line":22,"column":13},"end":{"line":69,"column":null}},"5":{"start":{"line":26,"column":44},"end":{"line":26,"column":57}},"6":{"start":{"line":29,"column":26},"end":{"line":29,"column":39}},"7":{"start":{"line":51,"column":30},"end":{"line":51,"column":45}},"8":{"start":{"line":59,"column":23},"end":{"line":59,"column":38}},"9":{"start":{"line":60,"column":23},"end":{"line":60,"column":36}}},"fnMap":{"0":{"name":"(anonymous_1)","decl":{"start":{"line":19,"column":11},"end":{"line":19,"column":12}},"loc":{"start":{"line":19,"column":26},"end":{"line":19,"column":39}}},"1":{"name":"(anonymous_2)","decl":{"start":{"line":26,"column":29},"end":{"line":26,"column":30}},"loc":{"start":{"line":26,"column":44},"end":{"line":26,"column":57}}},"2":{"name":"(anonymous_3)","decl":{"start":{"line":29,"column":11},"end":{"line":29,"column":12}},"loc":{"start":{"line":29,"column":26},"end":{"line":29,"column":39}}},"3":{"name":"(anonymous_4)","decl":{"start":{"line":51,"column":15},"end":{"line":51,"column":16}},"loc":{"start":{"line":51,"column":30},"end":{"line":51,"column":45}}},"4":{"name":"(anonymous_5)","decl":{"start":{"line":59,"column":8},"end":{"line":59,"column":9}},"loc":{"start":{"line":59,"column":23},"end":{"line":59,"column":38}}},"5":{"name":"(anonymous_6)","decl":{"start":{"line":60,"column":8},"end":{"line":60,"column":9}},"loc":{"start":{"line":60,"column":23},"end":{"line":60,"column":36}}}},"branchMap":{},"s":{"0":0,"1":0,"2":0,"3":0,"4":0,"5":0,"6":0,"7":0,"8":0,"9":0},"f":{"0":0,"1":0,"2":0,"3":0,"4":0,"5":0},"b":{}}
,"C:\\Users\\joshi\\OneDrive\\Documents\\code\\personal\\Adminis-construction\\src\\shared\\components\\FormSpace\\FormSpace.tsx": {"path":"C:\\Users\\joshi\\OneDrive\\Documents\\code\\personal\\Adminis-construction\\src\\shared\\components\\FormSpace\\FormSpace.tsx","statementMap":{"0":{"start":{"line":2,"column":0},"end":{"line":2,"column":52}},"1":{"start":{"line":4,"column":41},"end":{"line":7,"column":null}},"2":{"start":{"line":5,"column":2},"end":{"line":6,"column":null}},"3":{"start":{"line":10,"column":0},"end":{"line":10,"column":null}}},"fnMap":{"0":{"name":"(anonymous_0)","decl":{"start":{"line":4,"column":41},"end":{"line":4,"column":42}},"loc":{"start":{"line":5,"column":2},"end":{"line":6,"column":null}}}},"branchMap":{},"s":{"0":1,"1":1,"2":1,"3":1},"f":{"0":1},"b":{}}
,"C:\\Users\\joshi\\OneDrive\\Documents\\code\\personal\\Adminis-construction\\src\\shared\\components\\FormSpace\\index.ts": {"path":"C:\\Users\\joshi\\OneDrive\\Documents\\code\\personal\\Adminis-construction\\src\\shared\\components\\FormSpace\\index.ts","statementMap":{"0":{"start":{"line":1,"column":0},"end":{"line":1,"column":35}},"1":{"start":{"line":3,"column":0},"end":{"line":3,"column":null}}},"fnMap":{},"branchMap":{},"s":{"0":0,"1":0},"f":{},"b":{}}
,"C:\\Users\\joshi\\OneDrive\\Documents\\code\\personal\\Adminis-construction\\src\\shared\\components\\FormSpace\\styledComponents.tsx": {"path":"C:\\Users\\joshi\\OneDrive\\Documents\\code\\personal\\Adminis-construction\\src\\shared\\components\\FormSpace\\styledComponents.tsx","statementMap":{"0":{"start":{"line":1,"column":0},"end":{"line":1,"column":38}},"1":{"start":{"line":3,"column":13},"end":{"line":11,"column":null}}},"fnMap":{},"branchMap":{},"s":{"0":1,"1":1},"f":{},"b":{}}
,"C:\\Users\\joshi\\OneDrive\\Documents\\code\\personal\\Adminis-construction\\src\\shared\\components\\Grid\\Grid.tsx": {"path":"C:\\Users\\joshi\\OneDrive\\Documents\\code\\personal\\Adminis-construction\\src\\shared\\components\\Grid\\Grid.tsx","statementMap":{"0":{"start":{"line":3,"column":0},"end":{"line":3,"column":45}},"1":{"start":{"line":9,"column":47},"end":{"line":20,"column":1}},"2":{"start":{"line":10,"column":2},"end":{"line":19,"column":null}},"3":{"start":{"line":22,"column":0},"end":{"line":22,"column":null}}},"fnMap":{"0":{"name":"(anonymous_0)","decl":{"start":{"line":9,"column":47},"end":{"line":9,"column":48}},"loc":{"start":{"line":9,"column":72},"end":{"line":20,"column":1}}}},"branchMap":{},"s":{"0":0,"1":0,"2":0,"3":0},"f":{"0":0},"b":{}}
,"C:\\Users\\joshi\\OneDrive\\Documents\\code\\personal\\Adminis-construction\\src\\shared\\components\\Grid\\index.tsx": {"path":"C:\\Users\\joshi\\OneDrive\\Documents\\code\\personal\\Adminis-construction\\src\\shared\\components\\Grid\\index.tsx","statementMap":{"0":{"start":{"line":1,"column":0},"end":{"line":1,"column":25}},"1":{"start":{"line":3,"column":0},"end":{"line":3,"column":null}}},"fnMap":{},"branchMap":{},"s":{"0":0,"1":0},"f":{},"b":{}}
,"C:\\Users\\joshi\\OneDrive\\Documents\\code\\personal\\Adminis-construction\\src\\shared\\components\\Grid\\styledComponents.tsx": {"path":"C:\\Users\\joshi\\OneDrive\\Documents\\code\\personal\\Adminis-construction\\src\\shared\\components\\Grid\\styledComponents.tsx","statementMap":{"0":{"start":{"line":1,"column":0},"end":{"line":1,"column":38}},"1":{"start":{"line":2,"column":0},"end":{"line":2,"column":38}},"2":{"start":{"line":4,"column":13},"end":{"line":32,"column":null}},"3":{"start":{"line":8,"column":48},"end":{"line":8,"column":77}},"4":{"start":{"line":9,"column":45},"end":{"line":9,"column":78}},"5":{"start":{"line":24,"column":49},"end":{"line":24,"column":71}}},"fnMap":{"0":{"name":"(anonymous_1)","decl":{"start":{"line":8,"column":27},"end":{"line":8,"column":28}},"loc":{"start":{"line":8,"column":48},"end":{"line":8,"column":77}}},"1":{"name":"(anonymous_2)","decl":{"start":{"line":9,"column":24},"end":{"line":9,"column":25}},"loc":{"start":{"line":9,"column":45},"end":{"line":9,"column":78}}},"2":{"name":"(anonymous_3)","decl":{"start":{"line":24,"column":34},"end":{"line":24,"column":35}},"loc":{"start":{"line":24,"column":49},"end":{"line":24,"column":71}}}},"branchMap":{},"s":{"0":0,"1":0,"2":0,"3":0,"4":0,"5":0},"f":{"0":0,"1":0,"2":0},"b":{}}
,"C:\\Users\\joshi\\OneDrive\\Documents\\code\\personal\\Adminis-construction\\src\\shared\\components\\GridPanel\\GridPanel.tsx": {"path":"C:\\Users\\joshi\\OneDrive\\Documents\\code\\personal\\Adminis-construction\\src\\shared\\components\\GridPanel\\GridPanel.tsx","statementMap":{"0":{"start":{"line":1,"column":0},"end":{"line":1,"column":51}},"1":{"start":{"line":3,"column":0},"end":{"line":3,"column":32}},"2":{"start":{"line":4,"column":0},"end":{"line":4,"column":49}},"3":{"start":{"line":6,"column":41},"end":{"line":7,"column":null}},"4":{"start":{"line":7,"column":2},"end":{"line":7,"column":61}},"5":{"start":{"line":10,"column":26},"end":{"line":10,"column":41}},"6":{"start":{"line":12,"column":0},"end":{"line":12,"column":null}}},"fnMap":{"0":{"name":"(anonymous_0)","decl":{"start":{"line":6,"column":41},"end":{"line":6,"column":42}},"loc":{"start":{"line":7,"column":2},"end":{"line":7,"column":61}}}},"branchMap":{},"s":{"0":0,"1":0,"2":0,"3":0,"4":0,"5":0,"6":0},"f":{"0":0},"b":{}}
,"C:\\Users\\joshi\\OneDrive\\Documents\\code\\personal\\Adminis-construction\\src\\shared\\components\\GridPanel\\index.ts": {"path":"C:\\Users\\joshi\\OneDrive\\Documents\\code\\personal\\Adminis-construction\\src\\shared\\components\\GridPanel\\index.ts","statementMap":{"0":{"start":{"line":1,"column":0},"end":{"line":1,"column":35}},"1":{"start":{"line":3,"column":0},"end":{"line":3,"column":null}}},"fnMap":{},"branchMap":{},"s":{"0":0,"1":0},"f":{},"b":{}}
,"C:\\Users\\joshi\\OneDrive\\Documents\\code\\personal\\Adminis-construction\\src\\shared\\components\\GridPanel\\lib.ts": {"path":"C:\\Users\\joshi\\OneDrive\\Documents\\code\\personal\\Adminis-construction\\src\\shared\\components\\GridPanel\\lib.ts","statementMap":{"0":{"start":{"line":3,"column":13},"end":{"line":16,"column":null}}},"fnMap":{},"branchMap":{},"s":{"0":0},"f":{},"b":{}}
,"C:\\Users\\joshi\\OneDrive\\Documents\\code\\personal\\Adminis-construction\\src\\shared\\components\\GridPanel\\styledComponents.tsx": {"path":"C:\\Users\\joshi\\OneDrive\\Documents\\code\\personal\\Adminis-construction\\src\\shared\\components\\GridPanel\\styledComponents.tsx","statementMap":{"0":{"start":{"line":1,"column":0},"end":{"line":1,"column":38}},"1":{"start":{"line":2,"column":0},"end":{"line":2,"column":38}},"2":{"start":{"line":4,"column":13},"end":{"line":48,"column":null}},"3":{"start":{"line":9,"column":26},"end":{"line":9,"column":39}},"4":{"start":{"line":19,"column":37},"end":{"line":19,"column":50}},"5":{"start":{"line":26,"column":54},"end":{"line":26,"column":67}},"6":{"start":{"line":27,"column":39},"end":{"line":27,"column":52}},"7":{"start":{"line":31,"column":49},"end":{"line":31,"column":71}}},"fnMap":{"0":{"name":"(anonymous_1)","decl":{"start":{"line":9,"column":11},"end":{"line":9,"column":12}},"loc":{"start":{"line":9,"column":26},"end":{"line":9,"column":39}}},"1":{"name":"(anonymous_2)","decl":{"start":{"line":19,"column":22},"end":{"line":19,"column":23}},"loc":{"start":{"line":19,"column":37},"end":{"line":19,"column":50}}},"2":{"name":"(anonymous_3)","decl":{"start":{"line":26,"column":39},"end":{"line":26,"column":40}},"loc":{"start":{"line":26,"column":54},"end":{"line":26,"column":67}}},"3":{"name":"(anonymous_4)","decl":{"start":{"line":27,"column":24},"end":{"line":27,"column":25}},"loc":{"start":{"line":27,"column":39},"end":{"line":27,"column":52}}},"4":{"name":"(anonymous_5)","decl":{"start":{"line":31,"column":34},"end":{"line":31,"column":35}},"loc":{"start":{"line":31,"column":49},"end":{"line":31,"column":71}}}},"branchMap":{},"s":{"0":0,"1":0,"2":0,"3":0,"4":0,"5":0,"6":0,"7":0},"f":{"0":0,"1":0,"2":0,"3":0,"4":0},"b":{}}
,"C:\\Users\\joshi\\OneDrive\\Documents\\code\\personal\\Adminis-construction\\src\\shared\\components\\IconRenderer\\IconRenderer.tsx": {"path":"C:\\Users\\joshi\\OneDrive\\Documents\\code\\personal\\Adminis-construction\\src\\shared\\components\\IconRenderer\\IconRenderer.tsx","statementMap":{"0":{"start":{"line":3,"column":0},"end":{"line":3,"column":71}},"1":{"start":{"line":4,"column":0},"end":{"line":4,"column":77}},"2":{"start":{"line":5,"column":0},"end":{"line":5,"column":70}},"3":{"start":{"line":6,"column":0},"end":{"line":6,"column":69}},"4":{"start":{"line":8,"column":0},"end":{"line":8,"column":34}},"5":{"start":{"line":9,"column":0},"end":{"line":9,"column":47}},"6":{"start":{"line":11,"column":25},"end":{"line":31,"column":1}},"7":{"start":{"line":12,"column":19},"end":{"line":12,"column":35}},"8":{"start":{"line":14,"column":21},"end":{"line":14,"column":47}},"9":{"start":{"line":16,"column":28},"end":{"line":22,"column":3}},"10":{"start":{"line":17,"column":4},"end":{"line":21,"column":5}},"11":{"start":{"line":18,"column":6},"end":{"line":18,"column":null}},"12":{"start":{"line":20,"column":6},"end":{"line":20,"column":null}},"13":{"start":{"line":24,"column":22},"end":{"line":24,"column":38}},"14":{"start":{"line":26,"column":2},"end":{"line":30,"column":null}},"15":{"start":{"line":33,"column":0},"end":{"line":33,"column":null}}},"fnMap":{"0":{"name":"(anonymous_0)","decl":{"start":{"line":11,"column":25},"end":{"line":11,"column":28}},"loc":{"start":{"line":11,"column":30},"end":{"line":31,"column":1}}},"1":{"name":"(anonymous_1)","decl":{"start":{"line":16,"column":28},"end":{"line":16,"column":31}},"loc":{"start":{"line":16,"column":33},"end":{"line":22,"column":3}}}},"branchMap":{"0":{"loc":{"start":{"line":17,"column":4},"end":{"line":21,"column":5}},"type":"if","locations":[{"start":{"line":17,"column":4},"end":{"line":21,"column":5}},{"start":{"line":19,"column":11},"end":{"line":21,"column":5}}]}},"s":{"0":0,"1":0,"2":0,"3":0,"4":0,"5":0,"6":0,"7":0,"8":0,"9":0,"10":0,"11":0,"12":0,"13":0,"14":0,"15":0},"f":{"0":0,"1":0},"b":{"0":[0,0]}}
,"C:\\Users\\joshi\\OneDrive\\Documents\\code\\personal\\Adminis-construction\\src\\shared\\components\\IconRenderer\\index.ts": {"path":"C:\\Users\\joshi\\OneDrive\\Documents\\code\\personal\\Adminis-construction\\src\\shared\\components\\IconRenderer\\index.ts","statementMap":{"0":{"start":{"line":1,"column":0},"end":{"line":1,"column":41}},"1":{"start":{"line":3,"column":0},"end":{"line":3,"column":null}}},"fnMap":{},"branchMap":{},"s":{"0":0,"1":0},"f":{},"b":{}}
,"C:\\Users\\joshi\\OneDrive\\Documents\\code\\personal\\Adminis-construction\\src\\shared\\components\\IconRenderer\\lib.ts": {"path":"C:\\Users\\joshi\\OneDrive\\Documents\\code\\personal\\Adminis-construction\\src\\shared\\components\\IconRenderer\\lib.ts","statementMap":{"0":{"start":{"line":1,"column":0},"end":{"line":1,"column":39}},"1":{"start":{"line":2,"column":0},"end":{"line":2,"column":37}},"2":{"start":{"line":4,"column":13},"end":{"line":7,"column":null}}},"fnMap":{},"branchMap":{},"s":{"0":0,"1":0,"2":0},"f":{},"b":{}}
,"C:\\Users\\joshi\\OneDrive\\Documents\\code\\personal\\Adminis-construction\\src\\shared\\components\\IconRenderer\\styledComponents.tsx": {"path":"C:\\Users\\joshi\\OneDrive\\Documents\\code\\personal\\Adminis-construction\\src\\shared\\components\\IconRenderer\\styledComponents.tsx","statementMap":{"0":{"start":{"line":1,"column":0},"end":{"line":1,"column":38}},"1":{"start":{"line":3,"column":13},"end":{"line":11,"column":null}}},"fnMap":{},"branchMap":{},"s":{"0":0,"1":0},"f":{},"b":{}}
,"C:\\Users\\joshi\\OneDrive\\Documents\\code\\personal\\Adminis-construction\\src\\shared\\components\\IconRenderer\\icons\\MoonIcon.tsx": {"path":"C:\\Users\\joshi\\OneDrive\\Documents\\code\\personal\\Adminis-construction\\src\\shared\\components\\IconRenderer\\icons\\MoonIcon.tsx","statementMap":{"0":{"start":{"line":5,"column":0},"end":{"line":5,"column":40}},"1":{"start":{"line":11,"column":36},"end":{"line":26,"column":1}},"2":{"start":{"line":12,"column":2},"end":{"line":25,"column":null}},"3":{"start":{"line":28,"column":0},"end":{"line":28,"column":null}}},"fnMap":{"0":{"name":"(anonymous_1)","decl":{"start":{"line":11,"column":36},"end":{"line":11,"column":37}},"loc":{"start":{"line":11,"column":49},"end":{"line":26,"column":1}}}},"branchMap":{},"s":{"0":0,"1":0,"2":0,"3":0},"f":{"0":0},"b":{}}
,"C:\\Users\\joshi\\OneDrive\\Documents\\code\\personal\\Adminis-construction\\src\\shared\\components\\IconRenderer\\icons\\SunIcon.tsx": {"path":"C:\\Users\\joshi\\OneDrive\\Documents\\code\\personal\\Adminis-construction\\src\\shared\\components\\IconRenderer\\icons\\SunIcon.tsx","statementMap":{"0":{"start":{"line":5,"column":0},"end":{"line":5,"column":40}},"1":{"start":{"line":11,"column":34},"end":{"line":26,"column":1}},"2":{"start":{"line":12,"column":2},"end":{"line":25,"column":null}},"3":{"start":{"line":28,"column":0},"end":{"line":28,"column":null}}},"fnMap":{"0":{"name":"(anonymous_1)","decl":{"start":{"line":11,"column":34},"end":{"line":11,"column":35}},"loc":{"start":{"line":11,"column":47},"end":{"line":26,"column":1}}}},"branchMap":{},"s":{"0":0,"1":0,"2":0,"3":0},"f":{"0":0},"b":{}}
,"C:\\Users\\joshi\\OneDrive\\Documents\\code\\personal\\Adminis-construction\\src\\shared\\components\\Navbar\\Navbar.tsx": {"path":"C:\\Users\\joshi\\OneDrive\\Documents\\code\\personal\\Adminis-construction\\src\\shared\\components\\Navbar\\Navbar.tsx","statementMap":{"0":{"start":{"line":3,"column":0},"end":{"line":3,"column":61}},"1":{"start":{"line":5,"column":0},"end":{"line":5,"column":43}},"2":{"start":{"line":6,"column":0},"end":{"line":6,"column":45}},"3":{"start":{"line":8,"column":0},"end":{"line":8,"column":67}},"4":{"start":{"line":10,"column":19},"end":{"line":24,"column":1}},"5":{"start":{"line":11,"column":2},"end":{"line":23,"column":null}},"6":{"start":{"line":26,"column":0},"end":{"line":26,"column":null}}},"fnMap":{"0":{"name":"(anonymous_1)","decl":{"start":{"line":10,"column":19},"end":{"line":10,"column":22}},"loc":{"start":{"line":10,"column":24},"end":{"line":24,"column":1}}}},"branchMap":{},"s":{"0":0,"1":0,"2":0,"3":0,"4":0,"5":0,"6":0},"f":{"0":0},"b":{}}
,"C:\\Users\\joshi\\OneDrive\\Documents\\code\\personal\\Adminis-construction\\src\\shared\\components\\Navbar\\index.tsx": {"path":"C:\\Users\\joshi\\OneDrive\\Documents\\code\\personal\\Adminis-construction\\src\\shared\\components\\Navbar\\index.tsx","statementMap":{"0":{"start":{"line":1,"column":0},"end":{"line":1,"column":29}},"1":{"start":{"line":3,"column":0},"end":{"line":3,"column":null}}},"fnMap":{},"branchMap":{},"s":{"0":0,"1":0},"f":{},"b":{}}
,"C:\\Users\\joshi\\OneDrive\\Documents\\code\\personal\\Adminis-construction\\src\\shared\\components\\Navbar\\lib.ts": {"path":"C:\\Users\\joshi\\OneDrive\\Documents\\code\\personal\\Adminis-construction\\src\\shared\\components\\Navbar\\lib.ts","statementMap":{"0":{"start":{"line":7,"column":13},"end":{"line":12,"column":null}}},"fnMap":{},"branchMap":{},"s":{"0":0},"f":{},"b":{}}
,"C:\\Users\\joshi\\OneDrive\\Documents\\code\\personal\\Adminis-construction\\src\\shared\\components\\Navbar\\styledComponents.tsx": {"path":"C:\\Users\\joshi\\OneDrive\\Documents\\code\\personal\\Adminis-construction\\src\\shared\\components\\Navbar\\styledComponents.tsx","statementMap":{"0":{"start":{"line":1,"column":0},"end":{"line":1,"column":38}},"1":{"start":{"line":2,"column":0},"end":{"line":2,"column":38}},"2":{"start":{"line":4,"column":13},"end":{"line":16,"column":null}},"3":{"start":{"line":12,"column":37},"end":{"line":12,"column":50}},"4":{"start":{"line":17,"column":13},"end":{"line":22,"column":null}}},"fnMap":{"0":{"name":"(anonymous_1)","decl":{"start":{"line":12,"column":22},"end":{"line":12,"column":23}},"loc":{"start":{"line":12,"column":37},"end":{"line":12,"column":50}}}},"branchMap":{},"s":{"0":0,"1":0,"2":0,"3":0,"4":0},"f":{"0":0},"b":{}}
,"C:\\Users\\joshi\\OneDrive\\Documents\\code\\personal\\Adminis-construction\\src\\shared\\components\\Navbar\\NavLangSetting\\NavLangSetting.tsx": {"path":"C:\\Users\\joshi\\OneDrive\\Documents\\code\\personal\\Adminis-construction\\src\\shared\\components\\Navbar\\NavLangSetting\\NavLangSetting.tsx","statementMap":{"0":{"start":{"line":3,"column":0},"end":{"line":3,"column":74}},"1":{"start":{"line":4,"column":0},"end":{"line":4,"column":73}},"2":{"start":{"line":5,"column":0},"end":{"line":5,"column":81}},"3":{"start":{"line":6,"column":0},"end":{"line":6,"column":71}},"4":{"start":{"line":8,"column":0},"end":{"line":8,"column":49}},"5":{"start":{"line":10,"column":27},"end":{"line":28,"column":1}},"6":{"start":{"line":11,"column":19},"end":{"line":11,"column":35}},"7":{"start":{"line":13,"column":25},"end":{"line":13,"column":55}},"8":{"start":{"line":15,"column":27},"end":{"line":21,"column":3}},"9":{"start":{"line":16,"column":4},"end":{"line":20,"column":5}},"10":{"start":{"line":17,"column":6},"end":{"line":17,"column":null}},"11":{"start":{"line":19,"column":6},"end":{"line":19,"column":null}},"12":{"start":{"line":23,"column":2},"end":{"line":27,"column":null}},"13":{"start":{"line":30,"column":0},"end":{"line":30,"column":null}}},"fnMap":{"0":{"name":"(anonymous_0)","decl":{"start":{"line":10,"column":27},"end":{"line":10,"column":41}},"loc":{"start":{"line":10,"column":43},"end":{"line":28,"column":1}}},"1":{"name":"(anonymous_1)","decl":{"start":{"line":15,"column":27},"end":{"line":15,"column":30}},"loc":{"start":{"line":15,"column":32},"end":{"line":21,"column":3}}}},"branchMap":{"0":{"loc":{"start":{"line":16,"column":4},"end":{"line":20,"column":5}},"type":"if","locations":[{"start":{"line":16,"column":4},"end":{"line":20,"column":5}},{"start":{"line":18,"column":11},"end":{"line":20,"column":5}}]}},"s":{"0":0,"1":0,"2":0,"3":0,"4":0,"5":0,"6":0,"7":0,"8":0,"9":0,"10":0,"11":0,"12":0,"13":0},"f":{"0":0,"1":0},"b":{"0":[0,0]}}
,"C:\\Users\\joshi\\OneDrive\\Documents\\code\\personal\\Adminis-construction\\src\\shared\\components\\Navbar\\NavLangSetting\\index.ts": {"path":"C:\\Users\\joshi\\OneDrive\\Documents\\code\\personal\\Adminis-construction\\src\\shared\\components\\Navbar\\NavLangSetting\\index.ts","statementMap":{"0":{"start":{"line":1,"column":0},"end":{"line":1,"column":45}},"1":{"start":{"line":3,"column":0},"end":{"line":3,"column":null}}},"fnMap":{},"branchMap":{},"s":{"0":0,"1":0},"f":{},"b":{}}
,"C:\\Users\\joshi\\OneDrive\\Documents\\code\\personal\\Adminis-construction\\src\\shared\\components\\Navbar\\NavLangSetting\\styledComponents.tsx": {"path":"C:\\Users\\joshi\\OneDrive\\Documents\\code\\personal\\Adminis-construction\\src\\shared\\components\\Navbar\\NavLangSetting\\styledComponents.tsx","statementMap":{"0":{"start":{"line":1,"column":0},"end":{"line":1,"column":38}},"1":{"start":{"line":3,"column":13},"end":{"line":13,"column":null}},"2":{"start":{"line":7,"column":26},"end":{"line":7,"column":39}}},"fnMap":{"0":{"name":"(anonymous_1)","decl":{"start":{"line":7,"column":11},"end":{"line":7,"column":12}},"loc":{"start":{"line":7,"column":26},"end":{"line":7,"column":39}}}},"branchMap":{},"s":{"0":0,"1":0,"2":0},"f":{"0":0},"b":{}}
,"C:\\Users\\joshi\\OneDrive\\Documents\\code\\personal\\Adminis-construction\\src\\shared\\components\\Navbar\\NavbarAdminis\\NavbarAdminis.tsx": {"path":"C:\\Users\\joshi\\OneDrive\\Documents\\code\\personal\\Adminis-construction\\src\\shared\\components\\Navbar\\NavbarAdminis\\NavbarAdminis.tsx","statementMap":{"0":{"start":{"line":3,"column":0},"end":{"line":3,"column":41}},"1":{"start":{"line":5,"column":0},"end":{"line":5,"column":53}},"2":{"start":{"line":7,"column":26},"end":{"line":10,"column":null}},"3":{"start":{"line":8,"column":2},"end":{"line":9,"column":null}},"4":{"start":{"line":13,"column":0},"end":{"line":13,"column":null}}},"fnMap":{"0":{"name":"(anonymous_1)","decl":{"start":{"line":7,"column":26},"end":{"line":7,"column":29}},"loc":{"start":{"line":8,"column":2},"end":{"line":9,"column":null}}}},"branchMap":{},"s":{"0":0,"1":0,"2":0,"3":0,"4":0},"f":{"0":0},"b":{}}
,"C:\\Users\\joshi\\OneDrive\\Documents\\code\\personal\\Adminis-construction\\src\\shared\\components\\Navbar\\NavbarAdminis\\index.ts": {"path":"C:\\Users\\joshi\\OneDrive\\Documents\\code\\personal\\Adminis-construction\\src\\shared\\components\\Navbar\\NavbarAdminis\\index.ts","statementMap":{"0":{"start":{"line":1,"column":0},"end":{"line":1,"column":43}},"1":{"start":{"line":3,"column":0},"end":{"line":3,"column":null}}},"fnMap":{},"branchMap":{},"s":{"0":0,"1":0},"f":{},"b":{}}
,"C:\\Users\\joshi\\OneDrive\\Documents\\code\\personal\\Adminis-construction\\src\\shared\\components\\Navbar\\NavbarAdminis\\styledComponents.tsx": {"path":"C:\\Users\\joshi\\OneDrive\\Documents\\code\\personal\\Adminis-construction\\src\\shared\\components\\Navbar\\NavbarAdminis\\styledComponents.tsx","statementMap":{"0":{"start":{"line":1,"column":0},"end":{"line":1,"column":38}},"1":{"start":{"line":3,"column":13},"end":{"line":8,"column":null}},"2":{"start":{"line":6,"column":37},"end":{"line":6,"column":50}}},"fnMap":{"0":{"name":"(anonymous_1)","decl":{"start":{"line":6,"column":22},"end":{"line":6,"column":23}},"loc":{"start":{"line":6,"column":37},"end":{"line":6,"column":50}}}},"branchMap":{},"s":{"0":0,"1":0,"2":0},"f":{"0":0},"b":{}}
,"C:\\Users\\joshi\\OneDrive\\Documents\\code\\personal\\Adminis-construction\\src\\shared\\components\\Navbar\\NavbarOption\\NavbarOption.tsx": {"path":"C:\\Users\\joshi\\OneDrive\\Documents\\code\\personal\\Adminis-construction\\src\\shared\\components\\Navbar\\NavbarOption\\NavbarOption.tsx","statementMap":{"0":{"start":{"line":1,"column":0},"end":{"line":1,"column":32}},"1":{"start":{"line":2,"column":0},"end":{"line":2,"column":46}},"2":{"start":{"line":4,"column":0},"end":{"line":4,"column":57}},"3":{"start":{"line":12,"column":44},"end":{"line":25,"column":1}},"4":{"start":{"line":13,"column":23},"end":{"line":13,"column":36}},"5":{"start":{"line":15,"column":2},"end":{"line":24,"column":null}},"6":{"start":{"line":27,"column":23},"end":{"line":27,"column":41}},"7":{"start":{"line":29,"column":0},"end":{"line":29,"column":null}}},"fnMap":{"0":{"name":"(anonymous_1)","decl":{"start":{"line":12,"column":44},"end":{"line":12,"column":45}},"loc":{"start":{"line":12,"column":76},"end":{"line":25,"column":1}}}},"branchMap":{},"s":{"0":0,"1":0,"2":0,"3":0,"4":0,"5":0,"6":0,"7":0},"f":{"0":0},"b":{}}
,"C:\\Users\\joshi\\OneDrive\\Documents\\code\\personal\\Adminis-construction\\src\\shared\\components\\Navbar\\NavbarOption\\index.ts": {"path":"C:\\Users\\joshi\\OneDrive\\Documents\\code\\personal\\Adminis-construction\\src\\shared\\components\\Navbar\\NavbarOption\\index.ts","statementMap":{"0":{"start":{"line":1,"column":0},"end":{"line":1,"column":41}},"1":{"start":{"line":3,"column":0},"end":{"line":3,"column":null}}},"fnMap":{},"branchMap":{},"s":{"0":0,"1":0},"f":{},"b":{}}
,"C:\\Users\\joshi\\OneDrive\\Documents\\code\\personal\\Adminis-construction\\src\\shared\\components\\PanelDescription\\PanelDescription.tsx": {"path":"C:\\Users\\joshi\\OneDrive\\Documents\\code\\personal\\Adminis-construction\\src\\shared\\components\\PanelDescription\\PanelDescription.tsx","statementMap":{"0":{"start":{"line":3,"column":0},"end":{"line":3,"column":55}},"1":{"start":{"line":5,"column":48},"end":{"line":8,"column":null}},"2":{"start":{"line":6,"column":2},"end":{"line":7,"column":null}},"3":{"start":{"line":11,"column":0},"end":{"line":11,"column":null}}},"fnMap":{"0":{"name":"(anonymous_0)","decl":{"start":{"line":5,"column":48},"end":{"line":5,"column":49}},"loc":{"start":{"line":6,"column":2},"end":{"line":7,"column":null}}}},"branchMap":{},"s":{"0":1,"1":1,"2":1,"3":1},"f":{"0":1},"b":{}}
,"C:\\Users\\joshi\\OneDrive\\Documents\\code\\personal\\Adminis-construction\\src\\shared\\components\\PanelDescription\\index.ts": {"path":"C:\\Users\\joshi\\OneDrive\\Documents\\code\\personal\\Adminis-construction\\src\\shared\\components\\PanelDescription\\index.ts","statementMap":{"0":{"start":{"line":1,"column":0},"end":{"line":1,"column":49}},"1":{"start":{"line":3,"column":0},"end":{"line":3,"column":null}}},"fnMap":{},"branchMap":{},"s":{"0":0,"1":0},"f":{},"b":{}}
,"C:\\Users\\joshi\\OneDrive\\Documents\\code\\personal\\Adminis-construction\\src\\shared\\components\\PanelDescription\\styledComponents.tsx": {"path":"C:\\Users\\joshi\\OneDrive\\Documents\\code\\personal\\Adminis-construction\\src\\shared\\components\\PanelDescription\\styledComponents.tsx","statementMap":{"0":{"start":{"line":1,"column":0},"end":{"line":1,"column":38}},"1":{"start":{"line":3,"column":13},"end":{"line":7,"column":null}},"2":{"start":{"line":5,"column":26},"end":{"line":5,"column":41}}},"fnMap":{"0":{"name":"(anonymous_1)","decl":{"start":{"line":5,"column":11},"end":{"line":5,"column":12}},"loc":{"start":{"line":5,"column":26},"end":{"line":5,"column":41}}}},"branchMap":{},"s":{"0":1,"1":1,"2":1},"f":{"0":1},"b":{}}
,"C:\\Users\\joshi\\OneDrive\\Documents\\code\\personal\\Adminis-construction\\src\\shared\\lib\\globalStyles.ts": {"path":"C:\\Users\\joshi\\OneDrive\\Documents\\code\\personal\\Adminis-construction\\src\\shared\\lib\\globalStyles.ts","statementMap":{"0":{"start":{"line":1,"column":0},"end":{"line":1,"column":53}},"1":{"start":{"line":3,"column":20},"end":{"line":28,"column":null}},"2":{"start":{"line":8,"column":38},"end":{"line":8,"column":51}},"3":{"start":{"line":18,"column":39},"end":{"line":18,"column":52}},"4":{"start":{"line":23,"column":39},"end":{"line":23,"column":52}},"5":{"start":{"line":26,"column":39},"end":{"line":26,"column":52}},"6":{"start":{"line":30,"column":0},"end":{"line":30,"column":null}}},"fnMap":{"0":{"name":"(anonymous_0)","decl":{"start":{"line":8,"column":23},"end":{"line":8,"column":24}},"loc":{"start":{"line":8,"column":38},"end":{"line":8,"column":51}}},"1":{"name":"(anonymous_1)","decl":{"start":{"line":18,"column":24},"end":{"line":18,"column":25}},"loc":{"start":{"line":18,"column":39},"end":{"line":18,"column":52}}},"2":{"name":"(anonymous_2)","decl":{"start":{"line":23,"column":24},"end":{"line":23,"column":25}},"loc":{"start":{"line":23,"column":39},"end":{"line":23,"column":52}}},"3":{"name":"(anonymous_3)","decl":{"start":{"line":26,"column":24},"end":{"line":26,"column":25}},"loc":{"start":{"line":26,"column":39},"end":{"line":26,"column":52}}}},"branchMap":{},"s":{"0":0,"1":0,"2":0,"3":0,"4":0,"5":0,"6":0},"f":{"0":0,"1":0,"2":0,"3":0},"b":{}}
,"C:\\Users\\joshi\\OneDrive\\Documents\\code\\personal\\Adminis-construction\\src\\shared\\lib\\theme.ts": {"path":"C:\\Users\\joshi\\OneDrive\\Documents\\code\\personal\\Adminis-construction\\src\\shared\\lib\\theme.ts","statementMap":{"0":{"start":{"line":25,"column":38},"end":{"line":27,"column":null}},"1":{"start":{"line":29,"column":13},"end":{"line":35,"column":null}},"2":{"start":{"line":37,"column":33},"end":{"line":44,"column":null}},"3":{"start":{"line":46,"column":32},"end":{"line":53,"column":null}},"4":{"start":{"line":55,"column":22},"end":{"line":58,"column":null}},"5":{"start":{"line":60,"column":0},"end":{"line":60,"column":null}}},"fnMap":{},"branchMap":{},"s":{"0":0,"1":0,"2":0,"3":0,"4":0,"5":0},"f":{},"b":{}}
,"C:\\Users\\joshi\\OneDrive\\Documents\\code\\personal\\Adminis-construction\\src\\shared\\redux\\settingsSlice\\index.ts": {"path":"C:\\Users\\joshi\\OneDrive\\Documents\\code\\personal\\Adminis-construction\\src\\shared\\redux\\settingsSlice\\index.ts","statementMap":{"0":{"start":{"line":1,"column":0},"end":{"line":1,"column":43}},"1":{"start":{"line":3,"column":0},"end":{"line":3,"column":null}}},"fnMap":{},"branchMap":{},"s":{"0":0,"1":0},"f":{},"b":{}}
,"C:\\Users\\joshi\\OneDrive\\Documents\\code\\personal\\Adminis-construction\\src\\shared\\redux\\settingsSlice\\settingsInitial.ts": {"path":"C:\\Users\\joshi\\OneDrive\\Documents\\code\\personal\\Adminis-construction\\src\\shared\\redux\\settingsSlice\\settingsInitial.ts","statementMap":{"0":{"start":{"line":1,"column":0},"end":{"line":1,"column":null}},"1":{"start":{"line":2,"column":2},"end":{"line":2,"column":null}},"2":{"start":{"line":3,"column":2},"end":{"line":3,"column":null}},"3":{"start":{"line":6,"column":0},"end":{"line":6,"column":null}},"4":{"start":{"line":7,"column":2},"end":{"line":7,"column":null}},"5":{"start":{"line":8,"column":2},"end":{"line":8,"column":null}},"6":{"start":{"line":16,"column":44},"end":{"line":19,"column":null}},"7":{"start":{"line":21,"column":0},"end":{"line":21,"column":null}}},"fnMap":{"0":{"name":"(anonymous_0)","decl":{"start":{"line":1,"column":0},"end":{"line":1,"column":12}},"loc":{"start":{"line":1,"column":16},"end":{"line":4,"column":1}}},"1":{"name":"(anonymous_1)","decl":{"start":{"line":6,"column":0},"end":{"line":6,"column":12}},"loc":{"start":{"line":6,"column":20},"end":{"line":9,"column":1}}}},"branchMap":{"0":{"loc":{"start":{"line":1,"column":12},"end":{"line":1,"column":null}},"type":"binary-expr","locations":[{"start":{"line":1,"column":12},"end":{"line":1,"column":16}},{"start":{"line":1,"column":16},"end":{"line":1,"column":null}}]},"1":{"loc":{"start":{"line":6,"column":12},"end":{"line":6,"column":null}},"type":"binary-expr","locations":[{"start":{"line":6,"column":12},"end":{"line":6,"column":20}},{"start":{"line":6,"column":20},"end":{"line":6,"column":null}}]}},"s":{"0":0,"1":0,"2":0,"3":0,"4":0,"5":0,"6":0,"7":0},"f":{"0":0,"1":0},"b":{"0":[0,0],"1":[0,0]}}
,"C:\\Users\\joshi\\OneDrive\\Documents\\code\\personal\\Adminis-construction\\src\\shared\\redux\\settingsSlice\\settingsSelectors.ts": {"path":"C:\\Users\\joshi\\OneDrive\\Documents\\code\\personal\\Adminis-construction\\src\\shared\\redux\\settingsSlice\\settingsSelectors.ts","statementMap":{"0":{"start":{"line":1,"column":0},"end":{"line":1,"column":49}},"1":{"start":{"line":5,"column":35},"end":{"line":5,"column":71}},"2":{"start":{"line":5,"column":57},"end":{"line":5,"column":71}},"3":{"start":{"line":7,"column":13},"end":{"line":10,"column":null}},"4":{"start":{"line":9,"column":13},"end":{"line":9,"column":23}},"5":{"start":{"line":12,"column":13},"end":{"line":15,"column":null}},"6":{"start":{"line":14,"column":13},"end":{"line":14,"column":27}}},"fnMap":{"0":{"name":"(anonymous_0)","decl":{"start":{"line":5,"column":35},"end":{"line":5,"column":36}},"loc":{"start":{"line":5,"column":57},"end":{"line":5,"column":71}}},"1":{"name":"(anonymous_1)","decl":{"start":{"line":9,"column":2},"end":{"line":9,"column":3}},"loc":{"start":{"line":9,"column":13},"end":{"line":9,"column":23}}},"2":{"name":"(anonymous_2)","decl":{"start":{"line":14,"column":2},"end":{"line":14,"column":3}},"loc":{"start":{"line":14,"column":13},"end":{"line":14,"column":27}}}},"branchMap":{},"s":{"0":0,"1":0,"2":0,"3":0,"4":0,"5":0,"6":0},"f":{"0":0,"1":0,"2":0},"b":{}}
,"C:\\Users\\joshi\\OneDrive\\Documents\\code\\personal\\Adminis-construction\\src\\shared\\redux\\settingsSlice\\settingsSlice.ts": {"path":"C:\\Users\\joshi\\OneDrive\\Documents\\code\\personal\\Adminis-construction\\src\\shared\\redux\\settingsSlice\\settingsSlice.ts","statementMap":{"0":{"start":{"line":1,"column":0},"end":{"line":1,"column":61}},"1":{"start":{"line":3,"column":0},"end":{"line":3,"column":64}},"2":{"start":{"line":6,"column":22},"end":{"line":17,"column":2}},"3":{"start":{"line":11,"column":6},"end":{"line":11,"column":null}},"4":{"start":{"line":14,"column":6},"end":{"line":14,"column":null}},"5":{"start":{"line":19,"column":13},"end":{"line":19,"column":40}},"6":{"start":{"line":21,"column":0},"end":{"line":21,"column":null}}},"fnMap":{"0":{"name":"(anonymous_1)","decl":{"start":{"line":10,"column":13},"end":{"line":10,"column":14}},"loc":{"start":{"line":10,"column":57},"end":{"line":12,"column":5}}},"1":{"name":"(anonymous_2)","decl":{"start":{"line":13,"column":17},"end":{"line":13,"column":18}},"loc":{"start":{"line":13,"column":65},"end":{"line":15,"column":5}}}},"branchMap":{},"s":{"0":0,"1":0,"2":0,"3":0,"4":0,"5":0,"6":0},"f":{"0":0,"1":0},"b":{}}
,"C:\\Users\\joshi\\OneDrive\\Documents\\code\\personal\\Adminis-construction\\src\\shared\\utils\\loadable.tsx": {"path":"C:\\Users\\joshi\\OneDrive\\Documents\\code\\personal\\Adminis-construction\\src\\shared\\utils\\loadable.tsx","statementMap":{"0":{"start":{"line":1,"column":0},"end":{"line":1,"column":45}},"1":{"start":{"line":3,"column":17},"end":{"line":14,"column":1}},"2":{"start":{"line":7,"column":24},"end":{"line":7,"column":40}},"3":{"start":{"line":9,"column":2},"end":{"line":13,"column":null}},"4":{"start":{"line":10,"column":4},"end":{"line":11,"column":null}},"5":{"start":{"line":16,"column":0},"end":{"line":16,"column":null}}},"fnMap":{"0":{"name":"(anonymous_0)","decl":{"start":{"line":3,"column":17},"end":{"line":3,"column":null}},"loc":{"start":{"line":6,"column":45},"end":{"line":14,"column":1}}},"1":{"name":"(anonymous_1)","decl":{"start":{"line":9,"column":9},"end":{"line":9,"column":10}},"loc":{"start":{"line":10,"column":4},"end":{"line":11,"column":null}}}},"branchMap":{"0":{"loc":{"start":{"line":5,"column":2},"end":{"line":5,"column":42}},"type":"default-arg","locations":[{"start":{"line":5,"column":24},"end":{"line":5,"column":42}}]},"1":{"loc":{"start":{"line":5,"column":4},"end":{"line":5,"column":19}},"type":"default-arg","locations":[{"start":{"line":5,"column":15},"end":{"line":5,"column":19}}]}},"s":{"0":0,"1":0,"2":0,"3":0,"4":0,"5":0},"f":{"0":0,"1":0},"b":{"0":[0],"1":[0]}}
}
