{"C:\\Users\\joshi\\OneDrive\\Documents\\code\\personal\\Adminis-construction\\src\\env.d.ts": {"path":"C:\\Users\\joshi\\OneDrive\\Documents\\code\\personal\\Adminis-construction\\src\\env.d.ts","statementMap":{},"fnMap":{},"branchMap":{},"s":{},"f":{},"b":{}}
,"C:\\Users\\joshi\\OneDrive\\Documents\\code\\personal\\Adminis-construction\\src\\features\\About\\index.tsx": {"path":"C:\\Users\\joshi\\OneDrive\\Documents\\code\\personal\\Adminis-construction\\src\\features\\About\\index.tsx","statementMap":{"0":{"start":{"line":1,"column":0},"end":{"line":1,"column":30}},"1":{"start":{"line":3,"column":0},"end":{"line":3,"column":null}}},"fnMap":{},"branchMap":{},"s":{"0":0,"1":0},"f":{},"b":{}}
,"C:\\Users\\joshi\\OneDrive\\Documents\\code\\personal\\Adminis-construction\\src\\features\\Contact\\index.tsx": {"path":"C:\\Users\\joshi\\OneDrive\\Documents\\code\\personal\\Adminis-construction\\src\\features\\Contact\\index.tsx","statementMap":{"0":{"start":{"line":1,"column":0},"end":{"line":1,"column":32}},"1":{"start":{"line":3,"column":0},"end":{"line":3,"column":null}}},"fnMap":{},"branchMap":{},"s":{"0":0,"1":0},"f":{},"b":{}}
,"C:\\Users\\joshi\\OneDrive\\Documents\\code\\personal\\Adminis-construction\\src\\features\\Landing\\index.tsx": {"path":"C:\\Users\\joshi\\OneDrive\\Documents\\code\\personal\\Adminis-construction\\src\\features\\Landing\\index.tsx","statementMap":{"0":{"start":{"line":1,"column":0},"end":{"line":1,"column":32}},"1":{"start":{"line":3,"column":0},"end":{"line":3,"column":null}}},"fnMap":{},"branchMap":{},"s":{"0":0,"1":0},"f":{},"b":{}}
,"C:\\Users\\joshi\\OneDrive\\Documents\\code\\personal\\Adminis-construction\\src\\features\\Landing\\redux\\index.ts": {"path":"C:\\Users\\joshi\\OneDrive\\Documents\\code\\personal\\Adminis-construction\\src\\features\\Landing\\redux\\index.ts","statementMap":{"0":{"start":{"line":1,"column":0},"end":{"line":1,"column":41}},"1":{"start":{"line":3,"column":0},"end":{"line":3,"column":null}}},"fnMap":{},"branchMap":{},"s":{"0":0,"1":0},"f":{},"b":{}}
,"C:\\Users\\joshi\\OneDrive\\Documents\\code\\personal\\Adminis-construction\\src\\features\\Landing\\redux\\landingActions.ts": {"path":"C:\\Users\\joshi\\OneDrive\\Documents\\code\\personal\\Adminis-construction\\src\\features\\Landing\\redux\\landingActions.ts","statementMap":{"0":{"start":{"line":1,"column":0},"end":{"line":1,"column":47}},"1":{"start":{"line":3,"column":33},"end":{"line":3,"column":59}},"2":{"start":{"line":4,"column":13},"end":{"line":6,"column":null}}},"fnMap":{},"branchMap":{},"s":{"0":0,"1":0,"2":0},"f":{},"b":{}}
,"C:\\Users\\joshi\\OneDrive\\Documents\\code\\personal\\Adminis-construction\\src\\features\\Landing\\redux\\landingInitial.ts": {"path":"C:\\Users\\joshi\\OneDrive\\Documents\\code\\personal\\Adminis-construction\\src\\features\\Landing\\redux\\landingInitial.ts","statementMap":{"0":{"start":{"line":7,"column":43},"end":{"line":11,"column":null}},"1":{"start":{"line":13,"column":0},"end":{"line":13,"column":null}}},"fnMap":{},"branchMap":{},"s":{"0":0,"1":0},"f":{},"b":{}}
,"C:\\Users\\joshi\\OneDrive\\Documents\\code\\personal\\Adminis-construction\\src\\features\\Landing\\redux\\landingSagas.ts": {"path":"C:\\Users\\joshi\\OneDrive\\Documents\\code\\personal\\Adminis-construction\\src\\features\\Landing\\redux\\landingSagas.ts","statementMap":{"0":{"start":{"line":1,"column":0},"end":{"line":1,"column":null}},"1":{"start":{"line":11,"column":0},"end":{"line":11,"column":56}},"2":{"start":{"line":12,"column":0},"end":{"line":12,"column":null}},"3":{"start":{"line":17,"column":0},"end":{"line":17,"column":51}},"4":{"start":{"line":23,"column":27},"end":{"line":23,"column":59}},"5":{"start":{"line":24,"column":2},"end":{"line":24,"column":null}},"6":{"start":{"line":25,"column":2},"end":{"line":25,"column":null}},"7":{"start":{"line":26,"column":2},"end":{"line":33,"column":3}},"8":{"start":{"line":27,"column":4},"end":{"line":27,"column":null}},"9":{"start":{"line":29,"column":4},"end":{"line":29,"column":null}},"10":{"start":{"line":30,"column":4},"end":{"line":30,"column":null}},"11":{"start":{"line":32,"column":4},"end":{"line":32,"column":null}},"12":{"start":{"line":38,"column":2},"end":{"line":38,"column":null}},"13":{"start":{"line":41,"column":21},"end":{"line":41,"column":49}},"14":{"start":{"line":43,"column":0},"end":{"line":43,"column":null}}},"fnMap":{"0":{"name":"fetchGithubRepos","decl":{"start":{"line":20,"column":10},"end":{"line":20,"column":26}},"loc":{"start":{"line":20,"column":26},"end":{"line":34,"column":1}}},"1":{"name":"watchFetchGithubRepo","decl":{"start":{"line":37,"column":10},"end":{"line":37,"column":30}},"loc":{"start":{"line":37,"column":30},"end":{"line":39,"column":1}}}},"branchMap":{},"s":{"0":0,"1":0,"2":0,"3":0,"4":0,"5":0,"6":0,"7":0,"8":0,"9":0,"10":0,"11":0,"12":0,"13":0,"14":0},"f":{"0":0,"1":0},"b":{}}
,"C:\\Users\\joshi\\OneDrive\\Documents\\code\\personal\\Adminis-construction\\src\\features\\Landing\\redux\\landingSelectors.ts": {"path":"C:\\Users\\joshi\\OneDrive\\Documents\\code\\personal\\Adminis-construction\\src\\features\\Landing\\redux\\landingSelectors.ts","statementMap":{"0":{"start":{"line":1,"column":0},"end":{"line":1,"column":49}},"1":{"start":{"line":3,"column":34},"end":{"line":3,"column":63}},"2":{"start":{"line":3,"column":50},"end":{"line":3,"column":63}},"3":{"start":{"line":5,"column":13},"end":{"line":8,"column":null}},"4":{"start":{"line":7,"column":13},"end":{"line":7,"column":30}},"5":{"start":{"line":10,"column":13},"end":{"line":13,"column":null}},"6":{"start":{"line":12,"column":13},"end":{"line":12,"column":26}}},"fnMap":{"0":{"name":"(anonymous_0)","decl":{"start":{"line":3,"column":34},"end":{"line":3,"column":35}},"loc":{"start":{"line":3,"column":50},"end":{"line":3,"column":63}}},"1":{"name":"(anonymous_1)","decl":{"start":{"line":7,"column":2},"end":{"line":7,"column":3}},"loc":{"start":{"line":7,"column":13},"end":{"line":7,"column":30}}},"2":{"name":"(anonymous_2)","decl":{"start":{"line":12,"column":2},"end":{"line":12,"column":3}},"loc":{"start":{"line":12,"column":13},"end":{"line":12,"column":26}}}},"branchMap":{},"s":{"0":0,"1":0,"2":0,"3":0,"4":0,"5":0,"6":0},"f":{"0":0,"1":0,"2":0},"b":{}}
,"C:\\Users\\joshi\\OneDrive\\Documents\\code\\personal\\Adminis-construction\\src\\features\\Landing\\redux\\landingSlice.ts": {"path":"C:\\Users\\joshi\\OneDrive\\Documents\\code\\personal\\Adminis-construction\\src\\features\\Landing\\redux\\landingSlice.ts","statementMap":{"0":{"start":{"line":1,"column":0},"end":{"line":1,"column":61}},"1":{"start":{"line":3,"column":0},"end":{"line":3,"column":43}},"2":{"start":{"line":6,"column":21},"end":{"line":20,"column":2}},"3":{"start":{"line":11,"column":6},"end":{"line":11,"column":null}},"4":{"start":{"line":14,"column":6},"end":{"line":14,"column":null}},"5":{"start":{"line":17,"column":6},"end":{"line":17,"column":null}},"6":{"start":{"line":22,"column":13},"end":{"line":22,"column":null}},"7":{"start":{"line":25,"column":0},"end":{"line":25,"column":null}}},"fnMap":{"0":{"name":"(anonymous_0)","decl":{"start":{"line":10,"column":20},"end":{"line":10,"column":21}},"loc":{"start":{"line":10,"column":65},"end":{"line":12,"column":5}}},"1":{"name":"(anonymous_1)","decl":{"start":{"line":13,"column":23},"end":{"line":13,"column":24}},"loc":{"start":{"line":13,"column":33},"end":{"line":15,"column":5}}},"2":{"name":"(anonymous_2)","decl":{"start":{"line":16,"column":22},"end":{"line":16,"column":23}},"loc":{"start":{"line":16,"column":32},"end":{"line":18,"column":5}}}},"branchMap":{},"s":{"0":0,"1":0,"2":0,"3":0,"4":0,"5":0,"6":0,"7":0},"f":{"0":0,"1":0,"2":0},"b":{}}
,"C:\\Users\\joshi\\OneDrive\\Documents\\code\\personal\\Adminis-construction\\src\\features\\Main\\index.tsx": {"path":"C:\\Users\\joshi\\OneDrive\\Documents\\code\\personal\\Adminis-construction\\src\\features\\Main\\index.tsx","statementMap":{"0":{"start":{"line":1,"column":0},"end":{"line":1,"column":29}},"1":{"start":{"line":3,"column":0},"end":{"line":3,"column":null}}},"fnMap":{},"branchMap":{},"s":{"0":0,"1":0},"f":{},"b":{}}
,"C:\\Users\\joshi\\OneDrive\\Documents\\code\\personal\\Adminis-construction\\src\\shared\\components\\Navbar\\lib.ts": {"path":"C:\\Users\\joshi\\OneDrive\\Documents\\code\\personal\\Adminis-construction\\src\\shared\\components\\Navbar\\lib.ts","statementMap":{"0":{"start":{"line":7,"column":13},"end":{"line":12,"column":null}}},"fnMap":{},"branchMap":{},"s":{"0":0},"f":{},"b":{}}
,"C:\\Users\\joshi\\OneDrive\\Documents\\code\\personal\\Adminis-construction\\src\\shared\\hooks\\useHackerScramble\\index.ts": {"path":"C:\\Users\\joshi\\OneDrive\\Documents\\code\\personal\\Adminis-construction\\src\\shared\\hooks\\useHackerScramble\\index.ts","statementMap":{"0":{"start":{"line":1,"column":0},"end":{"line":1,"column":51}},"1":{"start":{"line":3,"column":0},"end":{"line":3,"column":null}}},"fnMap":{},"branchMap":{},"s":{"0":0,"1":0},"f":{},"b":{}}
,"C:\\Users\\joshi\\OneDrive\\Documents\\code\\personal\\Adminis-construction\\src\\shared\\redux\\settingsSlice\\index.ts": {"path":"C:\\Users\\joshi\\OneDrive\\Documents\\code\\personal\\Adminis-construction\\src\\shared\\redux\\settingsSlice\\index.ts","statementMap":{"0":{"start":{"line":1,"column":0},"end":{"line":1,"column":43}},"1":{"start":{"line":3,"column":0},"end":{"line":3,"column":null}}},"fnMap":{},"branchMap":{},"s":{"0":0,"1":0},"f":{},"b":{}}
,"C:\\Users\\joshi\\OneDrive\\Documents\\code\\personal\\Adminis-construction\\src\\shared\\redux\\settingsSlice\\settingsInitial.ts": {"path":"C:\\Users\\joshi\\OneDrive\\Documents\\code\\personal\\Adminis-construction\\src\\shared\\redux\\settingsSlice\\settingsInitial.ts","statementMap":{"0":{"start":{"line":1,"column":0},"end":{"line":1,"column":null}},"1":{"start":{"line":2,"column":2},"end":{"line":2,"column":null}},"2":{"start":{"line":3,"column":2},"end":{"line":3,"column":null}},"3":{"start":{"line":6,"column":0},"end":{"line":6,"column":null}},"4":{"start":{"line":7,"column":2},"end":{"line":7,"column":null}},"5":{"start":{"line":8,"column":2},"end":{"line":8,"column":null}},"6":{"start":{"line":16,"column":44},"end":{"line":19,"column":null}},"7":{"start":{"line":21,"column":0},"end":{"line":21,"column":null}}},"fnMap":{"0":{"name":"(anonymous_0)","decl":{"start":{"line":1,"column":0},"end":{"line":1,"column":12}},"loc":{"start":{"line":1,"column":16},"end":{"line":4,"column":1}}},"1":{"name":"(anonymous_1)","decl":{"start":{"line":6,"column":0},"end":{"line":6,"column":12}},"loc":{"start":{"line":6,"column":20},"end":{"line":9,"column":1}}}},"branchMap":{"0":{"loc":{"start":{"line":1,"column":12},"end":{"line":1,"column":null}},"type":"binary-expr","locations":[{"start":{"line":1,"column":12},"end":{"line":1,"column":16}},{"start":{"line":1,"column":16},"end":{"line":1,"column":null}}]},"1":{"loc":{"start":{"line":6,"column":12},"end":{"line":6,"column":null}},"type":"binary-expr","locations":[{"start":{"line":6,"column":12},"end":{"line":6,"column":20}},{"start":{"line":6,"column":20},"end":{"line":6,"column":null}}]}},"s":{"0":0,"1":0,"2":0,"3":0,"4":0,"5":0,"6":0,"7":0},"f":{"0":0,"1":0},"b":{"0":[0,0],"1":[0,0]}}
,"C:\\Users\\joshi\\OneDrive\\Documents\\code\\personal\\Adminis-construction\\src\\shared\\redux\\settingsSlice\\settingsSlice.ts": {"path":"C:\\Users\\joshi\\OneDrive\\Documents\\code\\personal\\Adminis-construction\\src\\shared\\redux\\settingsSlice\\settingsSlice.ts","statementMap":{"0":{"start":{"line":1,"column":0},"end":{"line":1,"column":61}},"1":{"start":{"line":3,"column":0},"end":{"line":3,"column":64}},"2":{"start":{"line":6,"column":22},"end":{"line":17,"column":2}},"3":{"start":{"line":11,"column":6},"end":{"line":11,"column":null}},"4":{"start":{"line":14,"column":6},"end":{"line":14,"column":null}},"5":{"start":{"line":19,"column":13},"end":{"line":19,"column":40}},"6":{"start":{"line":21,"column":0},"end":{"line":21,"column":null}}},"fnMap":{"0":{"name":"(anonymous_0)","decl":{"start":{"line":10,"column":13},"end":{"line":10,"column":14}},"loc":{"start":{"line":10,"column":57},"end":{"line":12,"column":5}}},"1":{"name":"(anonymous_1)","decl":{"start":{"line":13,"column":17},"end":{"line":13,"column":18}},"loc":{"start":{"line":13,"column":65},"end":{"line":15,"column":5}}}},"branchMap":{},"s":{"0":0,"1":0,"2":0,"3":0,"4":0,"5":0,"6":0},"f":{"0":0,"1":0},"b":{}}
,"C:\\Users\\joshi\\OneDrive\\Documents\\code\\personal\\Adminis-construction\\src\\shared\\utils\\stringUtils.ts": {"path":"C:\\Users\\joshi\\OneDrive\\Documents\\code\\personal\\Adminis-construction\\src\\shared\\utils\\stringUtils.ts","statementMap":{"0":{"start":{"line":1,"column":13},"end":{"line":3,"column":1}},"1":{"start":{"line":2,"column":2},"end":{"line":2,"column":null}},"2":{"start":{"line":5,"column":31},"end":{"line":35,"column":1}},"3":{"start":{"line":6,"column":19},"end":{"line":33,"column":null}},"4":{"start":{"line":34,"column":2},"end":{"line":34,"column":null}},"5":{"start":{"line":5,"column":13},"end":{"line":5,"column":31}},"6":{"start":{"line":37,"column":29},"end":{"line":44,"column":1}},"7":{"start":{"line":38,"column":18},"end":{"line":38,"column":20}},"8":{"start":{"line":39,"column":2},"end":{"line":41,"column":3}},"9":{"start":{"line":39,"column":15},"end":{"line":39,"column":16}},"10":{"start":{"line":40,"column":4},"end":{"line":40,"column":null}},"11":{"start":{"line":43,"column":2},"end":{"line":43,"column":null}},"12":{"start":{"line":37,"column":13},"end":{"line":37,"column":29}}},"fnMap":{"0":{"name":"(anonymous_0)","decl":{"start":{"line":1,"column":13},"end":{"line":1,"column":14}},"loc":{"start":{"line":1,"column":50},"end":{"line":3,"column":1}}},"1":{"name":"(anonymous_1)","decl":{"start":{"line":5,"column":31},"end":{"line":5,"column":42}},"loc":{"start":{"line":5,"column":44},"end":{"line":35,"column":1}}},"2":{"name":"(anonymous_2)","decl":{"start":{"line":37,"column":29},"end":{"line":37,"column":30}},"loc":{"start":{"line":37,"column":54},"end":{"line":44,"column":1}}}},"branchMap":{"0":{"loc":{"start":{"line":40,"column":17},"end":{"line":40,"column":57}},"type":"cond-expr","locations":[{"start":{"line":40,"column":34},"end":{"line":40,"column":37}},{"start":{"line":40,"column":40},"end":{"line":40,"column":57}}]}},"s":{"0":0,"1":0,"2":0,"3":0,"4":0,"5":0,"6":0,"7":0,"8":0,"9":0,"10":0,"11":0,"12":0},"f":{"0":0,"1":0,"2":0},"b":{"0":[0,0]}}
}
